[2022-04-27T21:33:38Z] Started EB User Data
+ SLEEP_TIME=10
+ SLEEP_TIME_MAX=3600
+ true
+ curl https://elasticbeanstalk-platform-assets-us-east-1.s3.amazonaws.com/stalks/eb_tomcat85corretto11_amazon_linux_2_1.0.1194.0_20220328181339/lib/UserDataScript.sh
  % Total    % Received % Xferd  Average Speed   Time    Time     Time  Current
                                 Dload  Upload   Total   Spent    Left  Speed
  0     0    0     0    0     0      0      0 --:--:-- --:--:-- --:--:--     0100  4627  100  4627    0     0  61112      0 --:--:-- --:--:-- --:--:-- 61693
+ RESULT=0
+ [[ 0 -ne 0 ]]
+ SLEEP_TIME=2
+ /bin/bash /tmp/ebbootstrap.sh 'https://cloudformation-waitcondition-us-east-1.s3.amazonaws.com/arn%3Aaws%3Acloudformation%3Aus-east-1%3A757337477225%3Astack/awseb-e-d9uzbqptrc-stack/78904e50-c671-11ec-a7bc-0abcc9025829/AWSEBInstanceLaunchWaitHandle?X-Amz-Algorithm=AWS4-HMAC-SHA256&X-Amz-Date=20220427T213209Z&X-Amz-SignedHeaders=host&X-Amz-Expires=86399&X-Amz-Credential=AKIA6L7Q4OWT2GZYHG7N%2F20220427%2Fus-east-1%2Fs3%2Faws4_request&X-Amz-Signature=d8560858355cc4707034443a704ea617f2c3faaea810a08e19595390b276736a' arn:aws:cloudformation:us-east-1:757337477225:stack/awseb-e-d9uzbqptrc-stack/78904e50-c671-11ec-a7bc-0abcc9025829 edb07c24-ff4b-44dc-9ff3-a472d9df86f9 https://elasticbeanstalk-health.us-east-1.amazonaws.com '' https://elasticbeanstalk-platform-assets-us-east-1.s3.amazonaws.com/stalks/eb_tomcat85corretto11_amazon_linux_2_1.0.1194.0_20220328181339 us-east-1
[2022-04-27T21:33:38.884Z] Started EB Bootstrapping Script.
[2022-04-27T21:33:38.897Z] Received parameters:
 TARBALLS = 
 EB_GEMS = 
 SIGNAL_URL = https://cloudformation-waitcondition-us-east-1.s3.amazonaws.com/arn%3Aaws%3Acloudformation%3Aus-east-1%3A757337477225%3Astack/awseb-e-d9uzbqptrc-stack/78904e50-c671-11ec-a7bc-0abcc9025829/AWSEBInstanceLaunchWaitHandle?X-Amz-Algorithm=AWS4-HMAC-SHA256&X-Amz-Date=20220427T213209Z&X-Amz-SignedHeaders=host&X-Amz-Expires=86399&X-Amz-Credential=AKIA6L7Q4OWT2GZYHG7N%2F20220427%2Fus-east-1%2Fs3%2Faws4_request&X-Amz-Signature=d8560858355cc4707034443a704ea617f2c3faaea810a08e19595390b276736a
 STACK_ID = arn:aws:cloudformation:us-east-1:757337477225:stack/awseb-e-d9uzbqptrc-stack/78904e50-c671-11ec-a7bc-0abcc9025829
 REGION = us-east-1
 GUID = 
 HEALTHD_GROUP_ID = edb07c24-ff4b-44dc-9ff3-a472d9df86f9
 HEALTHD_ENDPOINT = https://elasticbeanstalk-health.us-east-1.amazonaws.com
 PROXY_SERVER = 
 HEALTHD_PROXY_LOG_LOCATION = 
 PLATFORM_ASSETS_URL = https://elasticbeanstalk-platform-assets-us-east-1.s3.amazonaws.com/stalks/eb_tomcat85corretto11_amazon_linux_2_1.0.1194.0_20220328181339
[2022-04-27T21:33:38.911Z] engine url is set to https://elasticbeanstalk-platform-assets-us-east-1.s3.amazonaws.com/stalks/eb_tomcat85corretto11_amazon_linux_2_1.0.1194.0_20220328181339/lib/platform-engine.zip
[2022-04-27T21:33:38.962Z] first init of instance.
[2022-04-27T21:33:39.997Z] Started executing cfn_init _OnInstanceBoot.
[2022-04-27T21:33:39.014Z] Running cfn-init ConfigSet: _OnInstanceBoot.
[2022-04-27T21:33:39.033Z] Using stack-id from userdata
[2022-04-27T21:33:40.427Z] Command Returned: 
[2022-04-27T21:33:40.433Z] Completed executing cfn_init.
[2022-04-27T21:33:40.441Z] finished _OnInstanceBoot
--2022-04-27 21:33:40--  https://elasticbeanstalk-platform-assets-us-east-1.s3.amazonaws.com/stalks/eb_tomcat85corretto11_amazon_linux_2_1.0.1194.0_20220328181339/lib/platform-engine.zip
Resolving elasticbeanstalk-platform-assets-us-east-1.s3.amazonaws.com (elasticbeanstalk-platform-assets-us-east-1.s3.amazonaws.com)... 52.216.179.75
Connecting to elasticbeanstalk-platform-assets-us-east-1.s3.amazonaws.com (elasticbeanstalk-platform-assets-us-east-1.s3.amazonaws.com)|52.216.179.75|:443... connected.
HTTP request sent, awaiting response... 200 OK
Length: 26728073 (25M) [application/zip]
Saving to: ‘/tmp/platform-engine.zip’

     0K .......... .......... .......... .......... ..........  0% 7.01M 4s
    50K .......... .......... .......... .......... ..........  0% 8.14M 3s
   100K .......... .......... .......... .......... ..........  0% 7.71M 3s
   150K .......... .......... .......... .......... ..........  0% 16.7M 3s
   200K .......... .......... .......... .......... ..........  0% 6.80M 3s
   250K .......... .......... .......... .......... ..........  1%  157M 3s
   300K .......... .......... .......... .......... ..........  1% 65.7M 2s
   350K .......... .......... .......... .......... ..........  1% 8.24M 2s
   400K .......... .......... .......... .......... ..........  1% 7.02M 2s
   450K .......... .......... .......... .......... ..........  1%  188M 2s
   500K .......... .......... .......... .......... ..........  2% 7.44M 2s
   550K .......... .......... .......... .......... ..........  2% 62.6M 2s
   600K .......... .......... .......... .......... ..........  2% 7.09M 2s
   650K .......... .......... .......... .......... ..........  2%  132M 2s
   700K .......... .......... .......... .......... ..........  2% 6.97M 2s
   750K .......... .......... .......... .......... ..........  3% 6.95M 2s
   800K .......... .......... .......... .......... ..........  3%  216M 2s
   850K .......... .......... .......... .......... ..........  3% 7.44M 2s
   900K .......... .......... .......... .......... ..........  3%  212M 2s
   950K .......... .......... .......... .......... ..........  3% 50.9M 2s
  1000K .......... .......... .......... .......... ..........  4% 7.86M 2s
  1050K .......... .......... .......... .......... ..........  4% 8.48M 2s
  1100K .......... .......... .......... .......... ..........  4%  122M 2s
  1150K .......... .......... .......... .......... ..........  4%  143M 2s
  1200K .......... .......... .......... .......... ..........  4% 7.70M 2s
  1250K .......... .......... .......... .......... ..........  4%  165M 2s
  1300K .......... .......... .......... .......... ..........  5% 8.37M 2s
  1350K .......... .......... .......... .......... ..........  5%  218M 2s
  1400K .......... .......... .......... .......... ..........  5% 7.70M 2s
  1450K .......... .......... .......... .......... ..........  5%  223M 2s
  1500K .......... .......... .......... .......... ..........  5%  243M 2s
  1550K .......... .......... .......... .......... ..........  6%  192M 2s
  1600K .......... .......... .......... .......... ..........  6% 7.79M 2s
  1650K .......... .......... .......... .......... ..........  6%  224M 2s
  1700K .......... .......... .......... .......... ..........  6%  223M 2s
  1750K .......... .......... .......... .......... ..........  6% 7.39M 2s
  1800K .......... .......... .......... .......... ..........  7%  149M 2s
  1850K .......... .......... .......... .......... ..........  7% 7.61M 2s
  1900K .......... .......... .......... .......... ..........  7%  216M 2s
  1950K .......... .......... .......... .......... ..........  7%  130M 2s
  2000K .......... .......... .......... .......... ..........  7%  159M 2s
  2050K .......... .......... .......... .......... ..........  8% 55.4M 2s
  2100K .......... .......... .......... .......... ..........  8% 7.34M 2s
  2150K .......... .......... .......... .......... ..........  8%  149M 2s
  2200K .......... .......... .......... .......... ..........  8%  160M 2s
  2250K .......... .......... .......... .......... ..........  8% 7.41M 2s
  2300K .......... .......... .......... .......... ..........  9%  116M 2s
  2350K .......... .......... .......... .......... ..........  9%  239M 1s
  2400K .......... .......... .......... .......... ..........  9%  207M 1s
  2450K .......... .......... .......... .......... ..........  9%  171M 1s
  2500K .......... .......... .......... .......... ..........  9% 71.2M 1s
  2550K .......... .......... .......... .......... ..........  9% 7.04M 1s
  2600K .......... .......... .......... .......... .......... 10%  115M 1s
  2650K .......... .......... .......... .......... .......... 10%  145M 1s
  2700K .......... .......... .......... .......... .......... 10% 77.2M 1s
  2750K .......... .......... .......... .......... .......... 10% 7.68M 1s
  2800K .......... .......... .......... .......... .......... 10%  144M 1s
  2850K .......... .......... .......... .......... .......... 11%  209M 1s
  2900K .......... .......... .......... .......... .......... 11% 7.84M 1s
  2950K .......... .......... .......... .......... .......... 11%  177M 1s
  3000K .......... .......... .......... .......... .......... 11%  120M 1s
  3050K .......... .......... .......... .......... .......... 11%  151M 1s
  3100K .......... .......... .......... .......... .......... 12%  143M 1s
  3150K .......... .......... .......... .......... .......... 12% 4.84M 1s
  3200K .......... .......... .......... .......... .......... 12%  241M 1s
  3250K .......... .......... .......... .......... .......... 12%  144M 1s
  3300K .......... .......... .......... .......... .......... 12%  150M 1s
  3350K .......... .......... .......... .......... .......... 13%  149M 1s
  3400K .......... .......... .......... .......... .......... 13% 7.46M 1s
  3450K .......... .......... .......... .......... .......... 13%  114M 1s
  3500K .......... .......... .......... .......... .......... 13%  234M 1s
  3550K .......... .......... .......... .......... .......... 13%  180M 1s
  3600K .......... .......... .......... .......... .......... 13% 72.3M 1s
  3650K .......... .......... .......... .......... .......... 14% 7.98M 1s
  3700K .......... .......... .......... .......... .......... 14%  119M 1s
  3750K .......... .......... .......... .......... .......... 14%  154M 1s
  3800K .......... .......... .......... .......... .......... 14%  135M 1s
  3850K .......... .......... .......... .......... .......... 14%  147M 1s
  3900K .......... .......... .......... .......... .......... 15% 7.30M 1s
  3950K .......... .......... .......... .......... .......... 15%  184M 1s
  4000K .......... .......... .......... .......... .......... 15%  123M 1s
  4050K .......... .......... .......... .......... .......... 15%  185M 1s
  4100K .......... .......... .......... .......... .......... 15%  168M 1s
  4150K .......... .......... .......... .......... .......... 16% 53.4M 1s
  4200K .......... .......... .......... .......... .......... 16% 7.54M 1s
  4250K .......... .......... .......... .......... .......... 16%  106M 1s
  4300K .......... .......... .......... .......... .......... 16%  145M 1s
  4350K .......... .......... .......... .......... .......... 16%  143M 1s
  4400K .......... .......... .......... .......... .......... 17%  145M 1s
  4450K .......... .......... .......... .......... .......... 17%  160M 1s
  4500K .......... .......... .......... .......... .......... 17% 7.50M 1s
  4550K .......... .......... .......... .......... .......... 17%  120M 1s
  4600K .......... .......... .......... .......... .......... 17%  190M 1s
  4650K .......... .......... .......... .......... .......... 18%  145M 1s
  4700K .......... .......... .......... .......... .......... 18%  163M 1s
  4750K .......... .......... .......... .......... .......... 18%  145M 1s
  4800K .......... .......... .......... .......... .......... 18% 7.29M 1s
  4850K .......... .......... .......... .......... .......... 18%  104M 1s
  4900K .......... .......... .......... .......... .......... 18%  162M 1s
  4950K .......... .......... .......... .......... .......... 19%  169M 1s
  5000K .......... .......... .......... .......... .......... 19%  166M 1s
  5050K .......... .......... .......... .......... .......... 19%  186M 1s
  5100K .......... .......... .......... .......... .......... 19%  152M 1s
  5150K .......... .......... .......... .......... .......... 19% 45.9M 1s
  5200K .......... .......... .......... .......... .......... 20% 7.86M 1s
  5250K .......... .......... .......... .......... .......... 20%  104M 1s
  5300K .......... .......... .......... .......... .......... 20%  145M 1s
  5350K .......... .......... .......... .......... .......... 20% 78.0M 1s
  5400K .......... .......... .......... .......... .......... 20% 60.5M 1s
  5450K .......... .......... .......... .......... .......... 21% 58.0M 1s
  5500K .......... .......... .......... .......... .......... 21% 62.0M 1s
  5550K .......... .......... .......... .......... .......... 21% 60.7M 1s
  5600K .......... .......... .......... .......... .......... 21% 7.65M 1s
  5650K .......... .......... .......... .......... .......... 21%  190M 1s
  5700K .......... .......... .......... .......... .......... 22%  102M 1s
  5750K .......... .......... .......... .......... .......... 22%  178M 1s
  5800K .......... .......... .......... .......... .......... 22%  173M 1s
  5850K .......... .......... .......... .......... .......... 22%  190M 1s
  5900K .......... .......... .......... .......... .......... 22%  104M 1s
  5950K .......... .......... .......... .......... .......... 22% 57.1M 1s
  6000K .......... .......... .......... .......... .......... 23% 7.05M 1s
  6050K .......... .......... .......... .......... .......... 23%  208M 1s
  6100K .......... .......... .......... .......... .......... 23% 87.2M 1s
  6150K .......... .......... .......... .......... .......... 23%  166M 1s
  6200K .......... .......... .......... .......... .......... 23%  174M 1s
  6250K .......... .......... .......... .......... .......... 24%  151M 1s
  6300K .......... .......... .......... .......... .......... 24%  169M 1s
  6350K .......... .......... .......... .......... .......... 24% 40.4M 1s
  6400K .......... .......... .......... .......... .......... 24% 4.58M 1s
  6450K .......... .......... .......... .......... .......... 24%  186M 1s
  6500K .......... .......... .......... .......... .......... 25% 56.5M 1s
  6550K .......... .......... .......... .......... .......... 25% 63.7M 1s
  6600K .......... .......... .......... .......... .......... 25% 65.3M 1s
  6650K .......... .......... .......... .......... .......... 25% 70.5M 1s
  6700K .......... .......... .......... .......... .......... 25% 63.8M 1s
  6750K .......... .......... .......... .......... .......... 26% 59.1M 1s
  6800K .......... .......... .......... .......... .......... 26% 61.2M 1s
  6850K .......... .......... .......... .......... .......... 26% 66.4M 1s
  6900K .......... .......... .......... .......... .......... 26% 73.3M 1s
  6950K .......... .......... .......... .......... .......... 26% 65.9M 1s
  7000K .......... .......... .......... .......... .......... 27% 57.6M 1s
  7050K .......... .......... .......... .......... .......... 27% 40.0M 1s
  7100K .......... .......... .......... .......... .......... 27% 6.56M 1s
  7150K .......... .......... .......... .......... .......... 27% 92.3M 1s
  7200K .......... .......... .......... .......... .......... 27%  164M 1s
  7250K .......... .......... .......... .......... .......... 27% 72.2M 1s
  7300K .......... .......... .......... .......... .......... 28% 63.1M 1s
  7350K .......... .......... .......... .......... .......... 28% 61.5M 1s
  7400K .......... .......... .......... .......... .......... 28% 70.3M 1s
  7450K .......... .......... .......... .......... .......... 28% 73.1M 1s
  7500K .......... .......... .......... .......... .......... 28% 67.2M 1s
  7550K .......... .......... .......... .......... .......... 29% 62.6M 1s
  7600K .......... .......... .......... .......... .......... 29% 7.27M 1s
  7650K .......... .......... .......... .......... .......... 29%  102M 1s
  7700K .......... .......... .......... .......... .......... 29%  164M 1s
  7750K .......... .......... .......... .......... .......... 29%  157M 1s
  7800K .......... .......... .......... .......... .......... 30%  164M 1s
  7850K .......... .......... .......... .......... .......... 30% 5.29M 1s
  7900K .......... .......... .......... .......... .......... 30%  235M 1s
  7950K .......... .......... .......... .......... .......... 30% 82.2M 1s
  8000K .......... .......... .......... .......... .......... 30%  151M 1s
  8050K .......... .......... .......... .......... .......... 31%  154M 1s
  8100K .......... .......... .......... .......... .......... 31%  131M 1s
  8150K .......... .......... .......... .......... .......... 31% 59.9M 1s
  8200K .......... .......... .......... .......... .......... 31% 71.2M 1s
  8250K .......... .......... .......... .......... .......... 31% 65.2M 1s
  8300K .......... .......... .......... .......... .......... 31% 61.9M 1s
  8350K .......... .......... .......... .......... .......... 32% 69.4M 1s
  8400K .......... .......... .......... .......... .......... 32% 5.79M 1s
  8450K .......... .......... .......... .......... .......... 32%  212M 1s
  8500K .......... .......... .......... .......... .......... 32% 87.2M 1s
  8550K .......... .......... .......... .......... .......... 32%  149M 1s
  8600K .......... .......... .......... .......... .......... 33%  171M 1s
  8650K .......... .......... .......... .......... .......... 33%  183M 1s
  8700K .......... .......... .......... .......... .......... 33%  189M 1s
  8750K .......... .......... .......... .......... .......... 33%  130M 1s
  8800K .......... .......... .......... .......... .......... 33% 7.11M 1s
  8850K .......... .......... .......... .......... .......... 34%  103M 1s
  8900K .......... .......... .......... .......... .......... 34%  149M 1s
  8950K .......... .......... .......... .......... .......... 34%  143M 1s
  9000K .......... .......... .......... .......... .......... 34% 74.1M 1s
  9050K .......... .......... .......... .......... .......... 34% 68.9M 1s
  9100K .......... .......... .......... .......... .......... 35% 59.9M 1s
  9150K .......... .......... .......... .......... .......... 35% 65.1M 1s
  9200K .......... .......... .......... .......... .......... 35% 5.46M 1s
  9250K .......... .......... .......... .......... .......... 35%  213M 1s
  9300K .......... .......... .......... .......... .......... 35% 92.5M 1s
  9350K .......... .......... .......... .......... .......... 36%  147M 1s
  9400K .......... .......... .......... .......... .......... 36%  183M 1s
  9450K .......... .......... .......... .......... .......... 36% 89.4M 1s
  9500K .......... .......... .......... .......... .......... 36% 61.3M 1s
  9550K .......... .......... .......... .......... .......... 36% 61.4M 1s
  9600K .......... .......... .......... .......... .......... 36% 73.8M 1s
  9650K .......... .......... .......... .......... .......... 37% 6.61M 1s
  9700K .......... .......... .......... .......... .......... 37%  199M 1s
  9750K .......... .......... .......... .......... .......... 37%  221M 1s
  9800K .......... .......... .......... .......... .......... 37% 89.6M 1s
  9850K .......... .......... .......... .......... .......... 37%  142M 1s
  9900K .......... .......... .......... .......... .......... 38%  161M 1s
  9950K .......... .......... .......... .......... .......... 38% 52.8M 1s
 10000K .......... .......... .......... .......... .......... 38% 7.91M 1s
 10050K .......... .......... .......... .......... .......... 38% 88.8M 1s
 10100K .......... .......... .......... .......... .......... 38%  142M 1s
 10150K .......... .......... .......... .......... .......... 39%  158M 1s
 10200K .......... .......... .......... .......... .......... 39% 59.7M 1s
 10250K .......... .......... .......... .......... .......... 39% 57.0M 1s
 10300K .......... .......... .......... .......... .......... 39% 56.1M 1s
 10350K .......... .......... .......... .......... .......... 39% 5.91M 1s
 10400K .......... .......... .......... .......... .......... 40%  223M 1s
 10450K .......... .......... .......... .......... .......... 40% 85.5M 1s
 10500K .......... .......... .......... .......... .......... 40% 83.1M 1s
 10550K .......... .......... .......... .......... .......... 40% 58.3M 1s
 10600K .......... .......... .......... .......... .......... 40% 64.3M 1s
 10650K .......... .......... .......... .......... .......... 40% 68.6M 1s
 10700K .......... .......... .......... .......... .......... 41% 56.4M 1s
 10750K .......... .......... .......... .......... .......... 41% 53.4M 1s
 10800K .......... .......... .......... .......... .......... 41% 63.9M 1s
 10850K .......... .......... .......... .......... .......... 41% 68.6M 1s
 10900K .......... .......... .......... .......... .......... 41% 60.2M 1s
 10950K .......... .......... .......... .......... .......... 42% 35.6M 1s
 11000K .......... .......... .......... .......... .......... 42% 7.49M 1s
 11050K .......... .......... .......... .......... .......... 42% 98.5M 1s
 11100K .......... .......... .......... .......... .......... 42%  153M 1s
 11150K .......... .......... .......... .......... .......... 42%  146M 1s
 11200K .......... .......... .......... .......... .......... 43%  156M 1s
 11250K .......... .......... .......... .......... .......... 43% 68.4M 1s
 11300K .......... .......... .......... .......... .......... 43% 76.9M 1s
 11350K .......... .......... .......... .......... .......... 43% 39.3M 1s
 11400K .......... .......... .......... .......... .......... 43% 7.56M 1s
 11450K .......... .......... .......... .......... .......... 44%  107M 1s
 11500K .......... .......... .......... .......... .......... 44%  146M 1s
 11550K .......... .......... .......... .......... .......... 44%  146M 1s
 11600K .......... .......... .......... .......... .......... 44% 65.3M 1s
 11650K .......... .......... .......... .......... .......... 44% 62.4M 1s
 11700K .......... .......... .......... .......... .......... 45% 64.4M 1s
 11750K .......... .......... .......... .......... .......... 45% 45.3M 1s
 11800K .......... .......... .......... .......... .......... 45% 8.09M 1s
 11850K .......... .......... .......... .......... .......... 45%  131M 1s
 11900K .......... .......... .......... .......... .......... 45%  168M 1s
 11950K .......... .......... .......... .......... .......... 45%  188M 0s
 12000K .......... .......... .......... .......... .......... 46%  153M 0s
 12050K .......... .......... .......... .......... .......... 46%  183M 0s
 12100K .......... .......... .......... .......... .......... 46% 7.13M 0s
 12150K .......... .......... .......... .......... .......... 46%  224M 0s
 12200K .......... .......... .......... .......... .......... 46%  108M 0s
 12250K .......... .......... .......... .......... .......... 47%  174M 0s
 12300K .......... .......... .......... .......... .......... 47%  185M 0s
 12350K .......... .......... .......... .......... .......... 47%  180M 0s
 12400K .......... .......... .......... .......... .......... 47%  161M 0s
 12450K .......... .......... .......... .......... .......... 47% 6.74M 0s
 12500K .......... .......... .......... .......... .......... 48%  243M 0s
 12550K .......... .......... .......... .......... .......... 48%  115M 0s
 12600K .......... .......... .......... .......... .......... 48%  176M 0s
 12650K .......... .......... .......... .......... .......... 48%  144M 0s
 12700K .......... .......... .......... .......... .......... 48%  181M 0s
 12750K .......... .......... .......... .......... .......... 49%  181M 0s
 12800K .......... .......... .......... .......... .......... 49% 59.5M 0s
 12850K .......... .......... .......... .......... .......... 49% 7.42M 0s
 12900K .......... .......... .......... .......... .......... 49%  118M 0s
 12950K .......... .......... .......... .......... .......... 49%  176M 0s
 13000K .......... .......... .......... .......... .......... 49%  177M 0s
 13050K .......... .......... .......... .......... .......... 50%  175M 0s
 13100K .......... .......... .......... .......... .......... 50%  179M 0s
 13150K .......... .......... .......... .......... .......... 50%  177M 0s
 13200K .......... .......... .......... .......... .......... 50% 7.66M 0s
 13250K .......... .......... .......... .......... .......... 50%  116M 0s
 13300K .......... .......... .......... .......... .......... 51%  185M 0s
 13350K .......... .......... .......... .......... .......... 51%  212M 0s
 13400K .......... .......... .......... .......... .......... 51%  177M 0s
 13450K .......... .......... .......... .......... .......... 51% 7.25M 0s
 13500K .......... .......... .......... .......... .......... 51%  234M 0s
 13550K .......... .......... .......... .......... .......... 52%  254M 0s
 13600K .......... .......... .......... .......... .......... 52%  229M 0s
 13650K .......... .......... .......... .......... .......... 52% 67.3M 0s
 13700K .......... .......... .......... .......... .......... 52% 62.8M 0s
 13750K .......... .......... .......... .......... .......... 52% 76.1M 0s
 13800K .......... .......... .......... .......... .......... 53% 57.0M 0s
 13850K .......... .......... .......... .......... .......... 53% 66.7M 0s
 13900K .......... .......... .......... .......... .......... 53% 6.44M 0s
 13950K .......... .......... .......... .......... .......... 53%  238M 0s
 14000K .......... .......... .......... .......... .......... 53% 82.2M 0s
 14050K .......... .......... .......... .......... .......... 54%  184M 0s
 14100K .......... .......... .......... .......... .......... 54%  187M 0s
 14150K .......... .......... .......... .......... .......... 54%  106M 0s
 14200K .......... .......... .......... .......... .......... 54% 65.2M 0s
 14250K .......... .......... .......... .......... .......... 54% 48.9M 0s
 14300K .......... .......... .......... .......... .......... 54% 7.64M 0s
 14350K .......... .......... .......... .......... .......... 55%  118M 0s
 14400K .......... .......... .......... .......... .......... 55%  157M 0s
 14450K .......... .......... .......... .......... .......... 55%  183M 0s
 14500K .......... .......... .......... .......... .......... 55%  193M 0s
 14550K .......... .......... .......... .......... .......... 55%  222M 0s
 14600K .......... .......... .......... .......... .......... 56% 7.22M 0s
 14650K .......... .......... .......... .......... .......... 56%  123M 0s
 14700K .......... .......... .......... .......... .......... 56%  180M 0s
 14750K .......... .......... .......... .......... .......... 56%  189M 0s
 14800K .......... .......... .......... .......... .......... 56%  148M 0s
 14850K .......... .......... .......... .......... .......... 57% 7.64M 0s
 14900K .......... .......... .......... .......... .......... 57%  222M 0s
 14950K .......... .......... .......... .......... .......... 57%  113M 0s
 15000K .......... .......... .......... .......... .......... 57%  170M 0s
 15050K .......... .......... .......... .......... .......... 57%  207M 0s
 15100K .......... .......... .......... .......... .......... 58%  221M 0s
 15150K .......... .......... .......... .......... .......... 58% 63.0M 0s
 15200K .......... .......... .......... .......... .......... 58% 7.49M 0s
 15250K .......... .......... .......... .......... .......... 58%  246M 0s
 15300K .......... .......... .......... .......... .......... 58%  260M 0s
 15350K .......... .......... .......... .......... .......... 59%  128M 0s
 15400K .......... .......... .......... .......... .......... 59%  164M 0s
 15450K .......... .......... .......... .......... .......... 59%  189M 0s
 15500K .......... .......... .......... .......... .......... 59% 7.41M 0s
 15550K .......... .......... .......... .......... .......... 59%  117M 0s
 15600K .......... .......... .......... .......... .......... 59%  148M 0s
 15650K .......... .......... .......... .......... .......... 60%  201M 0s
 15700K .......... .......... .......... .......... .......... 60%  227M 0s
 15750K .......... .......... .......... .......... .......... 60% 87.0M 0s
 15800K .......... .......... .......... .......... .......... 60% 7.57M 0s
 15850K .......... .......... .......... .......... .......... 60%  130M 0s
 15900K .......... .......... .......... .......... .......... 61%  176M 0s
 15950K .......... .......... .......... .......... .......... 61%  195M 0s
 16000K .......... .......... .......... .......... .......... 61%  154M 0s
 16050K .......... .......... .......... .......... .......... 61%  186M 0s
 16100K .......... .......... .......... .......... .......... 61% 7.50M 0s
 16150K .......... .......... .......... .......... .......... 62%  126M 0s
 16200K .......... .......... .......... .......... .......... 62%  156M 0s
 16250K .......... .......... .......... .......... .......... 62%  193M 0s
 16300K .......... .......... .......... .......... .......... 62%  184M 0s
 16350K .......... .......... .......... .......... .......... 62%  189M 0s
 16400K .......... .......... .......... .......... .......... 63% 7.66M 0s
 16450K .......... .......... .......... .......... .......... 63%  116M 0s
 16500K .......... .......... .......... .......... .......... 63%  193M 0s
 16550K .......... .......... .......... .......... .......... 63%  205M 0s
 16600K .......... .......... .......... .......... .......... 63%  171M 0s
 16650K .......... .......... .......... .......... .......... 63% 7.48M 0s
 16700K .......... .......... .......... .......... .......... 64%  236M 0s
 16750K .......... .......... .......... .......... .......... 64% 97.1M 0s
 16800K .......... .......... .......... .......... .......... 64% 2.49M 0s
 16850K .......... .......... .......... .......... .......... 64%  233M 0s
 16900K .......... .......... .......... .......... .......... 64%  260M 0s
 16950K .......... .......... .......... .......... .......... 65%  271M 0s
 17000K .......... .......... .......... .......... .......... 65%  242M 0s
 17050K .......... .......... .......... .......... .......... 65%  293M 0s
 17100K .......... .......... .......... .......... .......... 65% 93.2M 0s
 17150K .......... .......... .......... .......... .......... 65% 74.8M 0s
 17200K .......... .......... .......... .......... .......... 66% 69.4M 0s
 17250K .......... .......... .......... .......... .......... 66% 76.9M 0s
 17300K .......... .......... .......... .......... .......... 66% 74.6M 0s
 17350K .......... .......... .......... .......... .......... 66% 74.3M 0s
 17400K .......... .......... .......... .......... .......... 66% 74.3M 0s
 17450K .......... .......... .......... .......... .......... 67% 80.5M 0s
 17500K .......... .......... .......... .......... .......... 67% 78.8M 0s
 17550K .......... .......... .......... .......... .......... 67% 84.1M 0s
 17600K .......... .......... .......... .......... .......... 67% 56.6M 0s
 17650K .......... .......... .......... .......... .......... 67% 74.9M 0s
 17700K .......... .......... .......... .......... .......... 68% 80.2M 0s
 17750K .......... .......... .......... .......... .......... 68% 73.9M 0s
 17800K .......... .......... .......... .......... .......... 68% 7.24M 0s
 17850K .......... .......... .......... .......... .......... 68% 74.3M 0s
 17900K .......... .......... .......... .......... .......... 68% 72.0M 0s
 17950K .......... .......... .......... .......... .......... 68% 71.7M 0s
 18000K .......... .......... .......... .......... .......... 69% 60.3M 0s
 18050K .......... .......... .......... .......... .......... 69% 82.7M 0s
 18100K .......... .......... .......... .......... .......... 69% 68.9M 0s
 18150K .......... .......... .......... .......... .......... 69% 68.5M 0s
 18200K .......... .......... .......... .......... .......... 69% 67.7M 0s
 18250K .......... .......... .......... .......... .......... 70% 78.2M 0s
 18300K .......... .......... .......... .......... .......... 70% 64.8M 0s
 18350K .......... .......... .......... .......... .......... 70% 67.9M 0s
 18400K .......... .......... .......... .......... .......... 70% 69.9M 0s
 18450K .......... .......... .......... .......... .......... 70% 75.4M 0s
 18500K .......... .......... .......... .......... .......... 71% 4.68M 0s
 18550K .......... .......... .......... .......... .......... 71% 73.4M 0s
 18600K .......... .......... .......... .......... .......... 71% 68.1M 0s
 18650K .......... .......... .......... .......... .......... 71% 74.3M 0s
 18700K .......... .......... .......... .......... .......... 71% 75.8M 0s
 18750K .......... .......... .......... .......... .......... 72% 77.4M 0s
 18800K .......... .......... .......... .......... .......... 72% 64.1M 0s
 18850K .......... .......... .......... .......... .......... 72% 74.3M 0s
 18900K .......... .......... .......... .......... .......... 72% 81.7M 0s
 18950K .......... .......... .......... .......... .......... 72% 85.8M 0s
 19000K .......... .......... .......... .......... .......... 72% 71.4M 0s
 19050K .......... .......... .......... .......... .......... 73% 73.0M 0s
 19100K .......... .......... .......... .......... .......... 73% 82.8M 0s
 19150K .......... .......... .......... .......... .......... 73% 69.5M 0s
 19200K .......... .......... .......... .......... .......... 73% 62.1M 0s
 19250K .......... .......... .......... .......... .......... 73% 75.3M 0s
 19300K .......... .......... .......... .......... .......... 74% 81.5M 0s
 19350K .......... .......... .......... .......... .......... 74% 68.2M 0s
 19400K .......... .......... .......... .......... .......... 74% 64.0M 0s
 19450K .......... .......... .......... .......... .......... 74% 78.4M 0s
 19500K .......... .......... .......... .......... .......... 74% 86.6M 0s
 19550K .......... .......... .......... .......... .......... 75% 75.5M 0s
 19600K .......... .......... .......... .......... .......... 75% 63.1M 0s
 19650K .......... .......... .......... .......... .......... 75% 76.8M 0s
 19700K .......... .......... .......... .......... .......... 75% 83.2M 0s
 19750K .......... .......... .......... .......... .......... 75% 6.11M 0s
 19800K .......... .......... .......... .......... .......... 76% 62.7M 0s
 19850K .......... .......... .......... .......... .......... 76% 72.2M 0s
 19900K .......... .......... .......... .......... .......... 76% 80.7M 0s
 19950K .......... .......... .......... .......... .......... 76% 87.1M 0s
 20000K .......... .......... .......... .......... .......... 76% 60.8M 0s
 20050K .......... .......... .......... .......... .......... 77% 70.8M 0s
 20100K .......... .......... .......... .......... .......... 77% 82.1M 0s
 20150K .......... .......... .......... .......... .......... 77% 87.0M 0s
 20200K .......... .......... .......... .......... .......... 77% 68.6M 0s
 20250K .......... .......... .......... .......... .......... 77% 74.2M 0s
 20300K .......... .......... .......... .......... .......... 77% 71.2M 0s
 20350K .......... .......... .......... .......... .......... 78% 85.9M 0s
 20400K .......... .......... .......... .......... .......... 78% 38.2M 0s
 20450K .......... .......... .......... .......... .......... 78% 81.8M 0s
 20500K .......... .......... .......... .......... .......... 78% 7.66M 0s
 20550K .......... .......... .......... .......... .......... 78%  289M 0s
 20600K .......... .......... .......... .......... .......... 79%  104M 0s
 20650K .......... .......... .......... .......... .......... 79%  227M 0s
 20700K .......... .......... .......... .......... .......... 79%  116M 0s
 20750K .......... .......... .......... .......... .......... 79% 81.2M 0s
 20800K .......... .......... .......... .......... .......... 79% 69.3M 0s
 20850K .......... .......... .......... .......... .......... 80% 68.7M 0s
 20900K .......... .......... .......... .......... .......... 80% 72.0M 0s
 20950K .......... .......... .......... .......... .......... 80% 7.99M 0s
 21000K .......... .......... .......... .......... .......... 80%  117M 0s
 21050K .......... .......... .......... .......... .......... 80%  187M 0s
 21100K .......... .......... .......... .......... .......... 81%  189M 0s
 21150K .......... .......... .......... .......... .......... 81% 79.1M 0s
 21200K .......... .......... .......... .......... .......... 81% 64.9M 0s
 21250K .......... .......... .......... .......... .......... 81% 85.8M 0s
 21300K .......... .......... .......... .......... .......... 81% 7.83M 0s
 21350K .......... .......... .......... .......... .......... 81%  240M 0s
 21400K .......... .......... .......... .......... .......... 82%  119M 0s
 21450K .......... .......... .......... .......... .......... 82%  223M 0s
 21500K .......... .......... .......... .......... .......... 82%  196M 0s
 21550K .......... .......... .......... .......... .......... 82%  200M 0s
 21600K .......... .......... .......... .......... .......... 82% 49.9M 0s
 21650K .......... .......... .......... .......... .......... 83% 8.38M 0s
 21700K .......... .......... .......... .......... .......... 83%  111M 0s
 21750K .......... .......... .......... .......... .......... 83%  193M 0s
 21800K .......... .......... .......... .......... .......... 83%  173M 0s
 21850K .......... .......... .......... .......... .......... 83%  173M 0s
 21900K .......... .......... .......... .......... .......... 84% 59.0M 0s
 21950K .......... .......... .......... .......... .......... 84% 3.92M 0s
 22000K .......... .......... .......... .......... .......... 84% 69.8M 0s
 22050K .......... .......... .......... .......... .......... 84% 70.3M 0s
 22100K .......... .......... .......... .......... .......... 84% 74.7M 0s
 22150K .......... .......... .......... .......... .......... 85% 76.4M 0s
 22200K .......... .......... .......... .......... .......... 85% 79.9M 0s
 22250K .......... .......... .......... .......... .......... 85% 79.5M 0s
 22300K .......... .......... .......... .......... .......... 85% 76.2M 0s
 22350K .......... .......... .......... .......... .......... 85% 70.5M 0s
 22400K .......... .......... .......... .......... .......... 86% 68.8M 0s
 22450K .......... .......... .......... .......... .......... 86% 81.1M 0s
 22500K .......... .......... .......... .......... .......... 86% 73.9M 0s
 22550K .......... .......... .......... .......... .......... 86% 77.8M 0s
 22600K .......... .......... .......... .......... .......... 86% 67.6M 0s
 22650K .......... .......... .......... .......... .......... 86% 88.4M 0s
 22700K .......... .......... .......... .......... .......... 87% 6.97M 0s
 22750K .......... .......... .......... .......... .......... 87% 75.3M 0s
 22800K .......... .......... .......... .......... .......... 87% 60.8M 0s
 22850K .......... .......... .......... .......... .......... 87% 83.6M 0s
 22900K .......... .......... .......... .......... .......... 87% 89.7M 0s
 22950K .......... .......... .......... .......... .......... 88% 75.0M 0s
 23000K .......... .......... .......... .......... .......... 88% 66.6M 0s
 23050K .......... .......... .......... .......... .......... 88% 77.6M 0s
 23100K .......... .......... .......... .......... .......... 88% 85.0M 0s
 23150K .......... .......... .......... .......... .......... 88% 7.42M 0s
 23200K .......... .......... .......... .......... .......... 89%  205M 0s
 23250K .......... .......... .......... .......... .......... 89%  280M 0s
 23300K .......... .......... .......... .......... .......... 89%  167M 0s
 23350K .......... .......... .......... .......... .......... 89%  118M 0s
 23400K .......... .......... .......... .......... .......... 89% 62.9M 0s
 23450K .......... .......... .......... .......... .......... 90% 80.6M 0s
 23500K .......... .......... .......... .......... .......... 90% 8.03M 0s
 23550K .......... .......... .......... .......... .......... 90%  278M 0s
 23600K .......... .......... .......... .......... .......... 90%  108M 0s
 23650K .......... .......... .......... .......... .......... 90%  232M 0s
 23700K .......... .......... .......... .......... .......... 90%  206M 0s
 23750K .......... .......... .......... .......... .......... 91%  200M 0s
 23800K .......... .......... .......... .......... .......... 91% 7.89M 0s
 23850K .......... .......... .......... .......... .......... 91%  263M 0s
 23900K .......... .......... .......... .......... .......... 91%  130M 0s
 23950K .......... .......... .......... .......... .......... 91%  191M 0s
 24000K .......... .......... .......... .......... .......... 92%  177M 0s
 24050K .......... .......... .......... .......... .......... 92%  119M 0s
 24100K .......... .......... .......... .......... .......... 92% 7.67M 0s
 24150K .......... .......... .......... .......... .......... 92%  135M 0s
 24200K .......... .......... .......... .......... .......... 92%  173M 0s
 24250K .......... .......... .......... .......... .......... 93%  202M 0s
 24300K .......... .......... .......... .......... .......... 93%  198M 0s
 24350K .......... .......... .......... .......... .......... 93%  109M 0s
 24400K .......... .......... .......... .......... .......... 93% 7.91M 0s
 24450K .......... .......... .......... .......... .......... 93%  270M 0s
 24500K .......... .......... .......... .......... .......... 94% 98.4M 0s
 24550K .......... .......... .......... .......... .......... 94%  176M 0s
 24600K .......... .......... .......... .......... .......... 94% 63.1M 0s
 24650K .......... .......... .......... .......... .......... 94% 84.6M 0s
 24700K .......... .......... .......... .......... .......... 94% 67.9M 0s
 24750K .......... .......... .......... .......... .......... 95% 66.4M 0s
 24800K .......... .......... .......... .......... .......... 95% 4.85M 0s
 24850K .......... .......... .......... .......... .......... 95%  216M 0s
 24900K .......... .......... .......... .......... .......... 95% 84.3M 0s
 24950K .......... .......... .......... .......... .......... 95%  201M 0s
 25000K .......... .......... .......... .......... .......... 95%  247M 0s
 25050K .......... .......... .......... .......... .......... 96%  197M 0s
 25100K .......... .......... .......... .......... .......... 96%  209M 0s
 25150K .......... .......... .......... .......... .......... 96%  187M 0s
 25200K .......... .......... .......... .......... .......... 96% 66.6M 0s
 25250K .......... .......... .......... .......... .......... 96% 81.0M 0s
 25300K .......... .......... .......... .......... .......... 97% 63.1M 0s
 25350K .......... .......... .......... .......... .......... 97% 73.2M 0s
 25400K .......... .......... .......... .......... .......... 97% 70.7M 0s
 25450K .......... .......... .......... .......... .......... 97% 43.7M 0s
 25500K .......... .......... .......... .......... .......... 97% 7.80M 0s
 25550K .......... .......... .......... .......... .......... 98%  109M 0s
 25600K .......... .......... .......... .......... .......... 98%  163M 0s
 25650K .......... .......... .......... .......... .......... 98%  216M 0s
 25700K .......... .......... .......... .......... .......... 98%  134M 0s
 25750K .......... .......... .......... .......... .......... 98% 70.2M 0s
 25800K .......... .......... .......... .......... .......... 99% 62.6M 0s
 25850K .......... .......... .......... .......... .......... 99% 72.1M 0s
 25900K .......... .......... .......... .......... .......... 99% 6.48M 0s
 25950K .......... .......... .......... .......... .......... 99%  266M 0s
 26000K .......... .......... .......... .......... .......... 99%  134M 0s
 26050K .......... .......... .......... .......... .......... 99%  264M 0s
 26100K .                                                     100% 3116G=0.8s

2022-04-27 21:33:41 (32.4 MB/s) - ‘/tmp/platform-engine.zip’ saved [26728073/26728073]

Archive:  /tmp/platform-engine.zip
  inflating: /opt/elasticbeanstalk/bin/platform-engine  
  inflating: /opt/elasticbeanstalk/bin/publishlogs  
  inflating: /opt/elasticbeanstalk/bin/pkg-repo  
  inflating: /opt/elasticbeanstalk/bin/get-config  
  inflating: /opt/elasticbeanstalk/config/private/aws-eb.target  
  inflating: /opt/elasticbeanstalk/config/private/logrotate/logrotate-cron.template  
  inflating: /opt/elasticbeanstalk/config/private/logrotate/logrotate.template  
  inflating: /opt/elasticbeanstalk/config/private/systemd.template  
  inflating: /opt/elasticbeanstalk/config/private/systemd-append.template  
  inflating: /opt/elasticbeanstalk/config/private/guidlocking/repo.py  
  inflating: /opt/elasticbeanstalk/config/private/restartcloudwatchagent.sh  
  inflating: /opt/elasticbeanstalk/config/private/healthd/healthd_httpd.conf  
  inflating: /opt/elasticbeanstalk/config/private/healthd/healthd_nginx.conf  
  inflating: /opt/elasticbeanstalk/config/private/healthd/healthd_logformat.conf  
  inflating: /opt/elasticbeanstalk/config/private/healthd/healthddependency  
  inflating: /opt/elasticbeanstalk/config/private/healthd/logcleanup-cron.template  
  inflating: /opt/elasticbeanstalk/config/private/healthd/config.yaml.template  
 extracting: /opt/elasticbeanstalk/config/private/restartcfn.sh  
  inflating: /opt/elasticbeanstalk/config/private/sqsd/default.yaml.template  
  inflating: /opt/elasticbeanstalk/config/private/sqsd/sqsdversion.json  
  inflating: /opt/elasticbeanstalk/config/private/beanstalk-magic  
  inflating: /opt/elasticbeanstalk/config/private/containercommandsupport/leader-test.sh  
  inflating: /opt/elasticbeanstalk/config/private/containercommandsupport/container-defaults.sh  
  inflating: /opt/elasticbeanstalk/config/private/ruby_common_env  
  inflating: /opt/elasticbeanstalk/config/private/nginx/applicationport.conf.template  
  inflating: /opt/elasticbeanstalk/config/private/nginx/staticfilesmapping.conf.template  
  inflating: /opt/elasticbeanstalk/config/private/nginx/nginx.conf.template  
  inflating: /opt/elasticbeanstalk/config/private/cfn-hup.conf.template  
  inflating: /opt/elasticbeanstalk/config/private/httpd/applicationport.conf.template  
  inflating: /opt/elasticbeanstalk/config/private/httpd/staticfilesmapping.conf.template  
  inflating: /opt/elasticbeanstalk/config/private/httpd/gzip.conf  
  inflating: /opt/elasticbeanstalk/config/private/httpd/httpd.conf.template  
  inflating: /opt/elasticbeanstalk/config/private/cfn-hup-wrapper  
  inflating: /opt/elasticbeanstalk/config/private/eb-banner  
  inflating: /opt/elasticbeanstalk/config/private/aws-eb-command-handler.conf  
  inflating: /opt/elasticbeanstalk/config/private/rsyslog.conf.template  
  inflating: /opt/elasticbeanstalk/config/private/tomcat/server  
  inflating: /opt/elasticbeanstalk/config/private/tomcat/8.5/logging.properties  
  inflating: /opt/elasticbeanstalk/config/private/tomcat/8.5/server.xml  
  inflating: /opt/elasticbeanstalk/config/private/tomcat/7/logging.properties  
  inflating: /opt/elasticbeanstalk/config/private/tomcat/7/server.xml  
  inflating: /opt/elasticbeanstalk/config/private/logtasks/cron/publishlogs  
  inflating: /opt/elasticbeanstalk/tasks/taillogs.d/eb-app.conf  
  inflating: /opt/elasticbeanstalk/tasks/taillogs.d/eb-engine.conf  
  inflating: /opt/elasticbeanstalk/tasks/bundlelogs.d/eb-app.conf  
  inflating: /opt/elasticbeanstalk/tasks/bundlelogs.d/eb-system.conf  
 extracting: /opt/elasticbeanstalk/tasks/bundlelogs.d/cloud-init-system.conf  
 extracting: /opt/elasticbeanstalk/tasks/bundlelogs.d/eb-hooks.conf  
  inflating: /opt/elasticbeanstalk/tasks/bundlelogs.d/system.conf  
  inflating: /opt/elasticbeanstalk/tasks/bundlelogs.d/cfn-system.conf  
 extracting: /opt/elasticbeanstalk/tasks/bundlelogs.d/rotate.conf  
 extracting: /opt/elasticbeanstalk/tasks/publishlogs.d/eb-app.conf  
[2022-04-27T21:33:45.385Z] Successfully bootstrapped instance.
[2022-04-27T21:33:45.405Z] Sending signal 0 to CFN wait condition https://cloudformation-waitcondition-us-east-1.s3.amazonaws.com/arn%3Aaws%3Acloudformation%3Aus-east-1%3A757337477225%3Astack/awseb-e-d9uzbqptrc-stack/78904e50-c671-11ec-a7bc-0abcc9025829/AWSEBInstanceLaunchWaitHandle?X-Amz-Algorithm=AWS4-HMAC-SHA256&X-Amz-Date=20220427T213209Z&X-Amz-SignedHeaders=host&X-Amz-Expires=86399&X-Amz-Credential=AKIA6L7Q4OWT2GZYHG7N%2F20220427%2Fus-east-1%2Fs3%2Faws4_request&X-Amz-Signature=d8560858355cc4707034443a704ea617f2c3faaea810a08e19595390b276736a
CloudFormation signaled successfully with %s.
[2022-04-27T21:33:46.221Z] Tailing /var/log/eb-commandprocessor.log

******************* eb-commandprocessor taillog *******************
***eb-commandprocessor is not available yet.***
******************* End of taillog *******************


[2022-04-27T21:33:46.237Z] Tailing /var/log/eb-activity.log

******************* eb-activity taillog *******************
***eb-activity is not available yet.***
******************* End of taillog *******************


[2022-04-27T21:33:46.253Z] Tailing /var/log/eb-tools.log

******************* eb-tools taillog *******************
***eb-tools is not available yet.***
******************* End of taillog *******************


[2022-04-27T21:33:46.269Z] Tailing /var/log/eb-version-deployment.log

******************* eb-version-deployment taillog *******************
***eb-version-deployment is not available yet.***
******************* End of taillog *******************


[2022-04-27T21:33:46.281Z] Tailing /var/log/cfn-init.log

******************* cfn-init taillog *******************
2022-04-27 21:33:40,182 [INFO] -----------------------Starting build-----------------------
2022-04-27 21:33:40,189 [INFO] Running configSets: _OnInstanceBoot
2022-04-27 21:33:40,192 [INFO] Running configSet _OnInstanceBoot
2022-04-27 21:33:40,195 [INFO] Running config AWSEBBaseConfig
2022-04-27 21:33:40,390 [INFO] Command clearbackupfiles succeeded
2022-04-27 21:33:40,395 [INFO] Running config AWSEBCfnHupEndpointOverride
2022-04-27 21:33:40,399 [INFO] Command clearbackupfiles succeeded
2022-04-27 21:33:40,400 [INFO] ConfigSets completed
2022-04-27 21:33:40,400 [INFO] -----------------------Build complete-----------------------
******************* End of taillog *******************


[2022-04-27T21:33:46.306Z] Tailing /var/log/cfn-hup.log

******************* cfn-hup taillog *******************
2022-04-27 21:33:45,998 [DEBUG] CloudFormation client initialized with endpoint https://cloudformation.us-east-1.amazonaws.com
2022-04-27 21:33:45,999 [DEBUG] SQS client initialized with endpoint https://sqs.us-east-1.amazonaws.com
2022-04-27 21:33:45,999 [DEBUG] CloudFormation client initialized with endpoint https://cloudformation.us-east-1.amazonaws.com
2022-04-27 21:33:45,999 [DEBUG] Enabled single threading mode.
2022-04-27 21:33:45,999 [DEBUG] Creating /var/lib/cfn-hup/data
2022-04-27 21:33:46,014 [INFO] No umask value specified in config file. Using the default one: 0o22
******************* End of taillog *******************


[2022-04-27T21:33:46.319Z] Completed EB Bootstrapping Script.
+ RESULT=0
+ [[ 0 -ne 0 ]]
+ exit 0
