2022-04-27 13:32:00,814 P3356 [INFO] ************************************************************
2022-04-27 13:32:00,814 P3356 [INFO] ConfigSet _OnInstanceBoot
2022-04-27 13:32:00,817 P3356 [INFO] ++++++++++++++++++++++++++++++++++++++++++++++++++++++++++++
2022-04-27 13:32:00,817 P3356 [INFO] Config AWSEBBaseConfig
2022-04-27 13:32:01,062 P3356 [INFO] ============================================================
2022-04-27 13:32:01,062 P3356 [INFO] Command clearbackupfiles
2022-04-27 13:32:01,066 P3356 [INFO] Completed successfully.
2022-04-27 13:32:01,070 P3356 [INFO] ++++++++++++++++++++++++++++++++++++++++++++++++++++++++++++
2022-04-27 13:32:01,070 P3356 [INFO] Config AWSEBCfnHupEndpointOverride
2022-04-27 13:32:01,071 P3356 [INFO] ============================================================
2022-04-27 13:32:01,071 P3356 [INFO] Command clearbackupfiles
2022-04-27 13:32:01,074 P3356 [INFO] Completed successfully.
2022-04-27 13:32:35,979 P3741 [INFO] ************************************************************
2022-04-27 13:32:35,979 P3741 [INFO] ConfigSet Infra-EmbeddedPreBuild
2022-04-27 13:32:56,777 P4171 [INFO] ************************************************************
2022-04-27 13:32:56,777 P4171 [INFO] ConfigSet Infra-EmbeddedPostBuild
2022-04-27 13:43:59,289 P10280 [INFO] ************************************************************
2022-04-27 13:43:59,289 P10280 [INFO] ConfigSet Infra-EmbeddedPreBuild
2022-04-27 13:44:01,375 P10452 [INFO] ************************************************************
2022-04-27 13:44:01,375 P10452 [INFO] ConfigSet Infra-EmbeddedPostBuild
2022-04-27 14:03:24,748 P21398 [INFO] ************************************************************
2022-04-27 14:03:24,748 P21398 [INFO] ConfigSet Infra-EmbeddedPreBuild
2022-04-27 14:03:27,068 P21569 [INFO] ************************************************************
2022-04-27 14:03:27,068 P21569 [INFO] ConfigSet Infra-EmbeddedPostBuild
2022-04-27 14:24:10,488 P648 [INFO] ************************************************************
2022-04-27 14:24:10,488 P648 [INFO] ConfigSet Infra-EmbeddedPreBuild
2022-04-27 14:24:12,670 P824 [INFO] ************************************************************
2022-04-27 14:24:12,670 P824 [INFO] ConfigSet Infra-EmbeddedPostBuild
2022-04-27 14:29:19,917 P3977 [INFO] ************************************************************
2022-04-27 14:29:19,917 P3977 [INFO] ConfigSet Infra-EmbeddedPreBuild
2022-04-27 14:29:22,164 P4150 [INFO] ************************************************************
2022-04-27 14:29:22,164 P4150 [INFO] ConfigSet Infra-EmbeddedPostBuild
