[2022-04-27T13:31:59Z] Started EB User Data
+ SLEEP_TIME=10
+ SLEEP_TIME_MAX=3600
+ true
+ curl https://elasticbeanstalk-platform-assets-us-east-1.s3.amazonaws.com/stalks/eb_corretto11_amazon_linux_2_1.0.3267.0_20220328181222/lib/UserDataScript.sh
  % Total    % Received % Xferd  Average Speed   Time    Time     Time  Current
                                 Dload  Upload   Total   Spent    Left  Speed
  0     0    0     0    0     0      0      0 --:--:-- --:--:-- --:--:--     0100  4627  100  4627    0     0  62458      0 --:--:-- --:--:-- --:--:-- 67057
+ RESULT=0
+ [[ 0 -ne 0 ]]
+ SLEEP_TIME=2
+ /bin/bash /tmp/ebbootstrap.sh 'https://cloudformation-waitcondition-us-east-1.s3.amazonaws.com/arn%3Aaws%3Acloudformation%3Aus-east-1%3A757337477225%3Astack/awseb-e-xgjqxe7mny-stack/1fa4ebe0-c62e-11ec-8ddb-0a7829d37e6d/AWSEBInstanceLaunchWaitHandle?X-Amz-Algorithm=AWS4-HMAC-SHA256&X-Amz-Date=20220427T133005Z&X-Amz-SignedHeaders=host&X-Amz-Expires=86399&X-Amz-Credential=AKIA6L7Q4OWT2GZYHG7N%2F20220427%2Fus-east-1%2Fs3%2Faws4_request&X-Amz-Signature=5f36076b4cc13c9424ca2cec955d24e086340b971c3d9e677dc69a169e2f4474' arn:aws:cloudformation:us-east-1:757337477225:stack/awseb-e-xgjqxe7mny-stack/1fa4ebe0-c62e-11ec-8ddb-0a7829d37e6d dd080566-b0b2-4f24-b685-40452efb8b04 https://elasticbeanstalk-health.us-east-1.amazonaws.com '' https://elasticbeanstalk-platform-assets-us-east-1.s3.amazonaws.com/stalks/eb_corretto11_amazon_linux_2_1.0.3267.0_20220328181222 us-east-1
[2022-04-27T13:31:59.684Z] Started EB Bootstrapping Script.
[2022-04-27T13:31:59.698Z] Received parameters:
 TARBALLS = 
 EB_GEMS = 
 SIGNAL_URL = https://cloudformation-waitcondition-us-east-1.s3.amazonaws.com/arn%3Aaws%3Acloudformation%3Aus-east-1%3A757337477225%3Astack/awseb-e-xgjqxe7mny-stack/1fa4ebe0-c62e-11ec-8ddb-0a7829d37e6d/AWSEBInstanceLaunchWaitHandle?X-Amz-Algorithm=AWS4-HMAC-SHA256&X-Amz-Date=20220427T133005Z&X-Amz-SignedHeaders=host&X-Amz-Expires=86399&X-Amz-Credential=AKIA6L7Q4OWT2GZYHG7N%2F20220427%2Fus-east-1%2Fs3%2Faws4_request&X-Amz-Signature=5f36076b4cc13c9424ca2cec955d24e086340b971c3d9e677dc69a169e2f4474
 STACK_ID = arn:aws:cloudformation:us-east-1:757337477225:stack/awseb-e-xgjqxe7mny-stack/1fa4ebe0-c62e-11ec-8ddb-0a7829d37e6d
 REGION = us-east-1
 GUID = 
 HEALTHD_GROUP_ID = dd080566-b0b2-4f24-b685-40452efb8b04
 HEALTHD_ENDPOINT = https://elasticbeanstalk-health.us-east-1.amazonaws.com
 PROXY_SERVER = 
 HEALTHD_PROXY_LOG_LOCATION = 
 PLATFORM_ASSETS_URL = https://elasticbeanstalk-platform-assets-us-east-1.s3.amazonaws.com/stalks/eb_corretto11_amazon_linux_2_1.0.3267.0_20220328181222
[2022-04-27T13:31:59.762Z] engine url is set to https://elasticbeanstalk-platform-assets-us-east-1.s3.amazonaws.com/stalks/eb_corretto11_amazon_linux_2_1.0.3267.0_20220328181222/lib/platform-engine.zip
[2022-04-27T13:31:59.805Z] first init of instance.
[2022-04-27T13:31:59.821Z] Started executing cfn_init _OnInstanceBoot.
[2022-04-27T13:31:59.839Z] Running cfn-init ConfigSet: _OnInstanceBoot.
[2022-04-27T13:31:59.864Z] Using stack-id from userdata
[2022-04-27T13:32:01.097Z] Command Returned: 
[2022-04-27T13:32:01.103Z] Completed executing cfn_init.
[2022-04-27T13:32:01.109Z] finished _OnInstanceBoot
--2022-04-27 13:32:01--  https://elasticbeanstalk-platform-assets-us-east-1.s3.amazonaws.com/stalks/eb_corretto11_amazon_linux_2_1.0.3267.0_20220328181222/lib/platform-engine.zip
Resolving elasticbeanstalk-platform-assets-us-east-1.s3.amazonaws.com (elasticbeanstalk-platform-assets-us-east-1.s3.amazonaws.com)... 54.231.130.217
Connecting to elasticbeanstalk-platform-assets-us-east-1.s3.amazonaws.com (elasticbeanstalk-platform-assets-us-east-1.s3.amazonaws.com)|54.231.130.217|:443... connected.
HTTP request sent, awaiting response... 200 OK
Length: 26725770 (25M) [application/zip]
Saving to: ‘/tmp/platform-engine.zip’

     0K .......... .......... .......... .......... ..........  0% 5.67M 4s
    50K .......... .......... .......... .......... ..........  0% 81.8M 2s
   100K .......... .......... .......... .......... ..........  0% 10.1M 2s
   150K .......... .......... .......... .......... ..........  0%  109M 2s
   200K .......... .......... .......... .......... ..........  0% 96.3M 2s
   250K .......... .......... .......... .......... ..........  1% 80.0M 1s
   300K .......... .......... .......... .......... ..........  1% 95.7M 1s
   350K .......... .......... .......... .......... ..........  1% 70.8M 1s
   400K .......... .......... .......... .......... ..........  1% 86.5M 1s
   450K .......... .......... .......... .......... ..........  1% 78.1M 1s
   500K .......... .......... .......... .......... ..........  2%  120M 1s
   550K .......... .......... .......... .......... ..........  2% 76.1M 1s
   600K .......... .......... .......... .......... ..........  2% 81.4M 1s
   650K .......... .......... .......... .......... ..........  2% 16.4M 1s
   700K .......... .......... .......... .......... ..........  2%  103M 1s
   750K .......... .......... .......... .......... ..........  3% 75.4M 1s
   800K .......... .......... .......... .......... ..........  3%  106M 1s
   850K .......... .......... .......... .......... ..........  3% 68.6M 1s
   900K .......... .......... .......... .......... ..........  3% 93.7M 1s
   950K .......... .......... .......... .......... ..........  3% 80.1M 1s
  1000K .......... .......... .......... .......... ..........  4% 7.95M 1s
  1050K .......... .......... .......... .......... ..........  4% 72.8M 1s
  1100K .......... .......... .......... .......... ..........  4% 91.6M 1s
  1150K .......... .......... .......... .......... ..........  4% 69.0M 1s
  1200K .......... .......... .......... .......... ..........  4% 85.7M 1s
  1250K .......... .......... .......... .......... ..........  4% 99.4M 1s
  1300K .......... .......... .......... .......... ..........  5%  107M 1s
  1350K .......... .......... .......... .......... ..........  5% 81.0M 1s
  1400K .......... .......... .......... .......... ..........  5% 78.1M 1s
  1450K .......... .......... .......... .......... ..........  5%  105M 1s
  1500K .......... .......... .......... .......... ..........  5%  100M 1s
  1550K .......... .......... .......... .......... ..........  6% 75.8M 1s
  1600K .......... .......... .......... .......... ..........  6% 86.8M 1s
  1650K .......... .......... .......... .......... ..........  6% 90.3M 1s
  1700K .......... .......... .......... .......... ..........  6% 85.1M 1s
  1750K .......... .......... .......... .......... ..........  6% 84.7M 1s
  1800K .......... .......... .......... .......... ..........  7% 7.50M 1s
  1850K .......... .......... .......... .......... ..........  7%  103M 1s
  1900K .......... .......... .......... .......... ..........  7%  102M 1s
  1950K .......... .......... .......... .......... ..........  7% 90.9M 1s
  2000K .......... .......... .......... .......... ..........  7% 73.1M 1s
  2050K .......... .......... .......... .......... ..........  8% 77.0M 1s
  2100K .......... .......... .......... .......... ..........  8%  106M 1s
  2150K .......... .......... .......... .......... ..........  8%  103M 1s
  2200K .......... .......... .......... .......... ..........  8%  114M 1s
  2250K .......... .......... .......... .......... ..........  8% 79.0M 1s
  2300K .......... .......... .......... .......... ..........  9% 65.4M 1s
  2350K .......... .......... .......... .......... ..........  9% 76.5M 1s
  2400K .......... .......... .......... .......... ..........  9% 87.4M 1s
  2450K .......... .......... .......... .......... ..........  9%  102M 1s
  2500K .......... .......... .......... .......... ..........  9% 98.8M 1s
  2550K .......... .......... .......... .......... ..........  9% 73.2M 1s
  2600K .......... .......... .......... .......... .......... 10% 94.0M 0s
  2650K .......... .......... .......... .......... .......... 10% 85.2M 0s
  2700K .......... .......... .......... .......... .......... 10% 8.02M 1s
  2750K .......... .......... .......... .......... .......... 10%  104M 1s
  2800K .......... .......... .......... .......... .......... 10% 69.6M 1s
  2850K .......... .......... .......... .......... .......... 11% 78.1M 1s
  2900K .......... .......... .......... .......... .......... 11% 93.5M 1s
  2950K .......... .......... .......... .......... .......... 11% 89.6M 1s
  3000K .......... .......... .......... .......... .......... 11%  103M 0s
  3050K .......... .......... .......... .......... .......... 11% 77.9M 0s
  3100K .......... .......... .......... .......... .......... 12% 86.5M 0s
  3150K .......... .......... .......... .......... .......... 12% 89.5M 0s
  3200K .......... .......... .......... .......... .......... 12%  100M 0s
  3250K .......... .......... .......... .......... .......... 12% 81.0M 0s
  3300K .......... .......... .......... .......... .......... 12% 77.6M 0s
  3350K .......... .......... .......... .......... .......... 13% 85.3M 0s
  3400K .......... .......... .......... .......... .......... 13%  104M 0s
  3450K .......... .......... .......... .......... .......... 13%  106M 0s
  3500K .......... .......... .......... .......... .......... 13%  108M 0s
  3550K .......... .......... .......... .......... .......... 13% 7.28M 0s
  3600K .......... .......... .......... .......... .......... 13% 87.8M 0s
  3650K .......... .......... .......... .......... .......... 14%  104M 0s
  3700K .......... .......... .......... .......... .......... 14%  100M 0s
  3750K .......... .......... .......... .......... .......... 14%  105M 0s
  3800K .......... .......... .......... .......... .......... 14% 65.7M 0s
  3850K .......... .......... .......... .......... .......... 14% 82.8M 0s
  3900K .......... .......... .......... .......... .......... 15% 94.9M 0s
  3950K .......... .......... .......... .......... .......... 15%  102M 0s
  4000K .......... .......... .......... .......... .......... 15% 97.0M 0s
  4050K .......... .......... .......... .......... .......... 15% 73.6M 0s
  4100K .......... .......... .......... .......... .......... 15% 89.9M 0s
  4150K .......... .......... .......... .......... .......... 16% 94.7M 0s
  4200K .......... .......... .......... .......... .......... 16% 82.1M 0s
  4250K .......... .......... .......... .......... .......... 16% 71.3M 0s
  4300K .......... .......... .......... .......... .......... 16% 90.0M 0s
  4350K .......... .......... .......... .......... .......... 16%  116M 0s
  4400K .......... .......... .......... .......... .......... 17%  103M 0s
  4450K .......... .......... .......... .......... .......... 17% 7.28M 0s
  4500K .......... .......... .......... .......... .......... 17%  101M 0s
  4550K .......... .......... .......... .......... .......... 17% 98.6M 0s
  4600K .......... .......... .......... .......... .......... 17% 42.9M 0s
  4650K .......... .......... .......... .......... .......... 18% 93.9M 0s
  4700K .......... .......... .......... .......... .......... 18%  106M 0s
  4750K .......... .......... .......... .......... .......... 18%  112M 0s
  4800K .......... .......... .......... .......... .......... 18%  105M 0s
  4850K .......... .......... .......... .......... .......... 18% 79.5M 0s
  4900K .......... .......... .......... .......... .......... 18% 42.4M 0s
  4950K .......... .......... .......... .......... .......... 19% 50.5M 0s
  5000K .......... .......... .......... .......... .......... 19% 83.8M 0s
  5050K .......... .......... .......... .......... .......... 19%  100M 0s
  5100K .......... .......... .......... .......... .......... 19%  107M 0s
  5150K .......... .......... .......... .......... .......... 19% 75.6M 0s
  5200K .......... .......... .......... .......... .......... 20% 57.7M 0s
  5250K .......... .......... .......... .......... .......... 20%  102M 0s
  5300K .......... .......... .......... .......... .......... 20% 93.7M 0s
  5350K .......... .......... .......... .......... .......... 20% 7.36M 0s
  5400K .......... .......... .......... .......... .......... 20%  106M 0s
  5450K .......... .......... .......... .......... .......... 21% 55.6M 0s
  5500K .......... .......... .......... .......... .......... 21% 76.7M 0s
  5550K .......... .......... .......... .......... .......... 21% 91.6M 0s
  5600K .......... .......... .......... .......... .......... 21%  121M 0s
  5650K .......... .......... .......... .......... .......... 21% 97.6M 0s
  5700K .......... .......... .......... .......... .......... 22% 24.4M 0s
  5750K .......... .......... .......... .......... .......... 22% 93.2M 0s
  5800K .......... .......... .......... .......... .......... 22%  100M 0s
  5850K .......... .......... .......... .......... .......... 22%  105M 0s
  5900K .......... .......... .......... .......... .......... 22% 69.0M 0s
  5950K .......... .......... .......... .......... .......... 22% 26.8M 0s
  6000K .......... .......... .......... .......... .......... 23%  105M 0s
  6050K .......... .......... .......... .......... .......... 23%  118M 0s
  6100K .......... .......... .......... .......... .......... 23% 73.0M 0s
  6150K .......... .......... .......... .......... .......... 23% 30.1M 0s
  6200K .......... .......... .......... .......... .......... 23% 96.9M 0s
  6250K .......... .......... .......... .......... .......... 24% 90.3M 0s
  6300K .......... .......... .......... .......... .......... 24% 7.36M 0s
  6350K .......... .......... .......... .......... .......... 24% 98.1M 0s
  6400K .......... .......... .......... .......... .......... 24% 40.3M 0s
  6450K .......... .......... .......... .......... .......... 24%  104M 0s
  6500K .......... .......... .......... .......... .......... 25%  102M 0s
  6550K .......... .......... .......... .......... .......... 25%  103M 0s
  6600K .......... .......... .......... .......... .......... 25% 69.6M 0s
  6650K .......... .......... .......... .......... .......... 25% 67.6M 0s
  6700K .......... .......... .......... .......... .......... 25% 99.3M 0s
  6750K .......... .......... .......... .......... .......... 26%  104M 0s
  6800K .......... .......... .......... .......... .......... 26% 99.4M 0s
  6850K .......... .......... .......... .......... .......... 26%  114M 0s
  6900K .......... .......... .......... .......... .......... 26% 69.0M 0s
  6950K .......... .......... .......... .......... .......... 26% 85.3M 0s
  7000K .......... .......... .......... .......... .......... 27% 94.1M 0s
  7050K .......... .......... .......... .......... .......... 27%  101M 0s
  7100K .......... .......... .......... .......... .......... 27% 99.5M 0s
  7150K .......... .......... .......... .......... .......... 27% 61.1M 0s
  7200K .......... .......... .......... .......... .......... 27% 7.88M 0s
  7250K .......... .......... .......... .......... .......... 27% 98.6M 0s
  7300K .......... .......... .......... .......... .......... 28%  106M 0s
  7350K .......... .......... .......... .......... .......... 28%  105M 0s
  7400K .......... .......... .......... .......... .......... 28% 73.1M 0s
  7450K .......... .......... .......... .......... .......... 28% 73.6M 0s
  7500K .......... .......... .......... .......... .......... 28% 75.6M 0s
  7550K .......... .......... .......... .......... .......... 29%  105M 0s
  7600K .......... .......... .......... .......... .......... 29% 98.4M 0s
  7650K .......... .......... .......... .......... .......... 29% 77.2M 0s
  7700K .......... .......... .......... .......... .......... 29% 67.3M 0s
  7750K .......... .......... .......... .......... .......... 29%  112M 0s
  7800K .......... .......... .......... .......... .......... 30% 84.7M 0s
  7850K .......... .......... .......... .......... .......... 30%  102M 0s
  7900K .......... .......... .......... .......... .......... 30%  101M 0s
  7950K .......... .......... .......... .......... .......... 30%  103M 0s
  8000K .......... .......... .......... .......... .......... 30% 66.6M 0s
  8050K .......... .......... .......... .......... .......... 31% 3.13M 0s
  8100K .......... .......... .......... .......... .......... 31% 96.5M 0s
  8150K .......... .......... .......... .......... .......... 31%  117M 0s
  8200K .......... .......... .......... .......... .......... 31% 97.9M 0s
  8250K .......... .......... .......... .......... .......... 31%  102M 0s
  8300K .......... .......... .......... .......... .......... 31% 59.2M 0s
  8350K .......... .......... .......... .......... .......... 32% 68.2M 0s
  8400K .......... .......... .......... .......... .......... 32%  101M 0s
  8450K .......... .......... .......... .......... .......... 32% 93.6M 0s
  8500K .......... .......... .......... .......... .......... 32%  104M 0s
  8550K .......... .......... .......... .......... .......... 32% 71.0M 0s
  8600K .......... .......... .......... .......... .......... 33%  106M 0s
  8650K .......... .......... .......... .......... .......... 33% 70.0M 0s
  8700K .......... .......... .......... .......... .......... 33%  105M 0s
  8750K .......... .......... .......... .......... .......... 33% 97.8M 0s
  8800K .......... .......... .......... .......... .......... 33%  100M 0s
  8850K .......... .......... .......... .......... .......... 34% 67.5M 0s
  8900K .......... .......... .......... .......... .......... 34% 93.3M 0s
  8950K .......... .......... .......... .......... .......... 34% 86.8M 0s
  9000K .......... .......... .......... .......... .......... 34% 97.8M 0s
  9050K .......... .......... .......... .......... .......... 34% 98.5M 0s
  9100K .......... .......... .......... .......... .......... 35% 71.0M 0s
  9150K .......... .......... .......... .......... .......... 35% 96.6M 0s
  9200K .......... .......... .......... .......... .......... 35%  103M 0s
  9250K .......... .......... .......... .......... .......... 35%  103M 0s
  9300K .......... .......... .......... .......... .......... 35% 59.8M 0s
  9350K .......... .......... .......... .......... .......... 36% 79.3M 0s
  9400K .......... .......... .......... .......... .......... 36%  103M 0s
  9450K .......... .......... .......... .......... .......... 36%  115M 0s
  9500K .......... .......... .......... .......... .......... 36%  103M 0s
  9550K .......... .......... .......... .......... .......... 36% 66.3M 0s
  9600K .......... .......... .......... .......... .......... 36% 72.9M 0s
  9650K .......... .......... .......... .......... .......... 37% 92.1M 0s
  9700K .......... .......... .......... .......... .......... 37%  107M 0s
  9750K .......... .......... .......... .......... .......... 37% 98.2M 0s
  9800K .......... .......... .......... .......... .......... 37% 96.0M 0s
  9850K .......... .......... .......... .......... .......... 37% 80.1M 0s
  9900K .......... .......... .......... .......... .......... 38% 69.4M 0s
  9950K .......... .......... .......... .......... .......... 38%  101M 0s
 10000K .......... .......... .......... .......... .......... 38%  107M 0s
 10050K .......... .......... .......... .......... .......... 38%  100M 0s
 10100K .......... .......... .......... .......... .......... 38% 94.7M 0s
 10150K .......... .......... .......... .......... .......... 39% 70.1M 0s
 10200K .......... .......... .......... .......... .......... 39% 80.7M 0s
 10250K .......... .......... .......... .......... .......... 39% 94.8M 0s
 10300K .......... .......... .......... .......... .......... 39% 3.98M 0s
 10350K .......... .......... .......... .......... .......... 39% 96.5M 0s
 10400K .......... .......... .......... .......... .......... 40%  101M 0s
 10450K .......... .......... .......... .......... .......... 40% 91.9M 0s
 10500K .......... .......... .......... .......... .......... 40% 68.3M 0s
 10550K .......... .......... .......... .......... .......... 40% 65.3M 0s
 10600K .......... .......... .......... .......... .......... 40%  104M 0s
 10650K .......... .......... .......... .......... .......... 40% 97.5M 0s
 10700K .......... .......... .......... .......... .......... 41%  110M 0s
 10750K .......... .......... .......... .......... .......... 41% 81.6M 0s
 10800K .......... .......... .......... .......... .......... 41% 64.5M 0s
 10850K .......... .......... .......... .......... .......... 41%  104M 0s
 10900K .......... .......... .......... .......... .......... 41% 93.8M 0s
 10950K .......... .......... .......... .......... .......... 42%  100M 0s
 11000K .......... .......... .......... .......... .......... 42% 70.1M 0s
 11050K .......... .......... .......... .......... .......... 42% 80.3M 0s
 11100K .......... .......... .......... .......... .......... 42% 95.7M 0s
 11150K .......... .......... .......... .......... .......... 42%  117M 0s
 11200K .......... .......... .......... .......... .......... 43% 98.4M 0s
 11250K .......... .......... .......... .......... .......... 43%  105M 0s
 11300K .......... .......... .......... .......... .......... 43% 95.7M 0s
 11350K .......... .......... .......... .......... .......... 43% 62.2M 0s
 11400K .......... .......... .......... .......... .......... 43% 86.5M 0s
 11450K .......... .......... .......... .......... .......... 44% 90.2M 0s
 11500K .......... .......... .......... .......... .......... 44%  105M 0s
 11550K .......... .......... .......... .......... .......... 44%  111M 0s
 11600K .......... .......... .......... .......... .......... 44%  102M 0s
 11650K .......... .......... .......... .......... .......... 44% 82.0M 0s
 11700K .......... .......... .......... .......... .......... 45% 70.8M 0s
 11750K .......... .......... .......... .......... .......... 45% 83.9M 0s
 11800K .......... .......... .......... .......... .......... 45%  104M 0s
 11850K .......... .......... .......... .......... .......... 45%  106M 0s
 11900K .......... .......... .......... .......... .......... 45%  103M 0s
 11950K .......... .......... .......... .......... .......... 45%  110M 0s
 12000K .......... .......... .......... .......... .......... 46% 96.0M 0s
 12050K .......... .......... .......... .......... .......... 46% 62.4M 0s
 12100K .......... .......... .......... .......... .......... 46% 96.2M 0s
 12150K .......... .......... .......... .......... .......... 46% 95.7M 0s
 12200K .......... .......... .......... .......... .......... 46% 4.15M 0s
 12250K .......... .......... .......... .......... .......... 47% 96.8M 0s
 12300K .......... .......... .......... .......... .......... 47% 87.5M 0s
 12350K .......... .......... .......... .......... .......... 47% 58.5M 0s
 12400K .......... .......... .......... .......... .......... 47%  112M 0s
 12450K .......... .......... .......... .......... .......... 47% 91.7M 0s
 12500K .......... .......... .......... .......... .......... 48%  102M 0s
 12550K .......... .......... .......... .......... .......... 48% 94.6M 0s
 12600K .......... .......... .......... .......... .......... 48% 98.3M 0s
 12650K .......... .......... .......... .......... .......... 48%  100M 0s
 12700K .......... .......... .......... .......... .......... 48% 59.7M 0s
 12750K .......... .......... .......... .......... .......... 49% 28.7M 0s
 12800K .......... .......... .......... .......... .......... 49%  103M 0s
 12850K .......... .......... .......... .......... .......... 49% 96.8M 0s
 12900K .......... .......... .......... .......... .......... 49% 80.9M 0s
 12950K .......... .......... .......... .......... .......... 49% 70.4M 0s
 13000K .......... .......... .......... .......... .......... 50% 53.7M 0s
 13050K .......... .......... .......... .......... .......... 50% 62.6M 0s
 13100K .......... .......... .......... .......... .......... 50% 31.6M 0s
 13150K .......... .......... .......... .......... .......... 50% 74.1M 0s
 13200K .......... .......... .......... .......... .......... 50% 57.9M 0s
 13250K .......... .......... .......... .......... .......... 50% 67.8M 0s
 13300K .......... .......... .......... .......... .......... 51% 34.9M 0s
 13350K .......... .......... .......... .......... .......... 51% 92.3M 0s
 13400K .......... .......... .......... .......... .......... 51% 61.2M 0s
 13450K .......... .......... .......... .......... .......... 51% 40.9M 0s
 13500K .......... .......... .......... .......... .......... 51% 85.9M 0s
 13550K .......... .......... .......... .......... .......... 52% 25.0M 0s
 13600K .......... .......... .......... .......... .......... 52% 3.36M 0s
 13650K .......... .......... .......... .......... .......... 52%  104M 0s
 13700K .......... .......... .......... .......... .......... 52% 36.9M 0s
 13750K .......... .......... .......... .......... .......... 52%  108M 0s
 13800K .......... .......... .......... .......... .......... 53% 73.4M 0s
 13850K .......... .......... .......... .......... .......... 53% 43.3M 0s
 13900K .......... .......... .......... .......... .......... 53% 92.2M 0s
 13950K .......... .......... .......... .......... .......... 53% 82.3M 0s
 14000K .......... .......... .......... .......... .......... 53% 93.9M 0s
 14050K .......... .......... .......... .......... .......... 54%  111M 0s
 14100K .......... .......... .......... .......... .......... 54%  122M 0s
 14150K .......... .......... .......... .......... .......... 54%  105M 0s
 14200K .......... .......... .......... .......... .......... 54%  101M 0s
 14250K .......... .......... .......... .......... .......... 54% 73.6M 0s
 14300K .......... .......... .......... .......... .......... 54% 82.4M 0s
 14350K .......... .......... .......... .......... .......... 55%  102M 0s
 14400K .......... .......... .......... .......... .......... 55% 97.6M 0s
 14450K .......... .......... .......... .......... .......... 55%  109M 0s
 14500K .......... .......... .......... .......... .......... 55%  113M 0s
 14550K .......... .......... .......... .......... .......... 55%  122M 0s
 14600K .......... .......... .......... .......... .......... 56%  104M 0s
 14650K .......... .......... .......... .......... .......... 56%  108M 0s
 14700K .......... .......... .......... .......... .......... 56%  107M 0s
 14750K .......... .......... .......... .......... .......... 56%  109M 0s
 14800K .......... .......... .......... .......... .......... 56%  110M 0s
 14850K .......... .......... .......... .......... .......... 57%  103M 0s
 14900K .......... .......... .......... .......... .......... 57%  109M 0s
 14950K .......... .......... .......... .......... .......... 57% 83.9M 0s
 15000K .......... .......... .......... .......... .......... 57% 82.6M 0s
 15050K .......... .......... .......... .......... .......... 57% 93.8M 0s
 15100K .......... .......... .......... .......... .......... 58%  106M 0s
 15150K .......... .......... .......... .......... .......... 58%  109M 0s
 15200K .......... .......... .......... .......... .......... 58%  110M 0s
 15250K .......... .......... .......... .......... .......... 58%  106M 0s
 15300K .......... .......... .......... .......... .......... 58%  109M 0s
 15350K .......... .......... .......... .......... .......... 59%  114M 0s
 15400K .......... .......... .......... .......... .......... 59%  121M 0s
 15450K .......... .......... .......... .......... .......... 59%  104M 0s
 15500K .......... .......... .......... .......... .......... 59%  108M 0s
 15550K .......... .......... .......... .......... .......... 59%  102M 0s
 15600K .......... .......... .......... .......... .......... 59%  108M 0s
 15650K .......... .......... .......... .......... .......... 60% 66.0M 0s
 15700K .......... .......... .......... .......... .......... 60%  101M 0s
 15750K .......... .......... .......... .......... .......... 60%  107M 0s
 15800K .......... .......... .......... .......... .......... 60%  123M 0s
 15850K .......... .......... .......... .......... .......... 60% 5.18M 0s
 15900K .......... .......... .......... .......... .......... 61%  108M 0s
 15950K .......... .......... .......... .......... .......... 61%  109M 0s
 16000K .......... .......... .......... .......... .......... 61%  106M 0s
 16050K .......... .......... .......... .......... .......... 61%  108M 0s
 16100K .......... .......... .......... .......... .......... 61%  108M 0s
 16150K .......... .......... .......... .......... .......... 62%  107M 0s
 16200K .......... .......... .......... .......... .......... 62%  102M 0s
 16250K .......... .......... .......... .......... .......... 62%  113M 0s
 16300K .......... .......... .......... .......... .......... 62% 80.8M 0s
 16350K .......... .......... .......... .......... .......... 62% 75.4M 0s
 16400K .......... .......... .......... .......... .......... 63%  102M 0s
 16450K .......... .......... .......... .......... .......... 63%  102M 0s
 16500K .......... .......... .......... .......... .......... 63%  108M 0s
 16550K .......... .......... .......... .......... .......... 63%  106M 0s
 16600K .......... .......... .......... .......... .......... 63%  102M 0s
 16650K .......... .......... .......... .......... .......... 63%  122M 0s
 16700K .......... .......... .......... .......... .......... 64%  105M 0s
 16750K .......... .......... .......... .......... .......... 64%  107M 0s
 16800K .......... .......... .......... .......... .......... 64%  108M 0s
 16850K .......... .......... .......... .......... .......... 64%  106M 0s
 16900K .......... .......... .......... .......... .......... 64%  104M 0s
 16950K .......... .......... .......... .......... .......... 65%  108M 0s
 17000K .......... .......... .......... .......... .......... 65% 83.8M 0s
 17050K .......... .......... .......... .......... .......... 65% 83.6M 0s
 17100K .......... .......... .......... .......... .......... 65%  118M 0s
 17150K .......... .......... .......... .......... .......... 65%  108M 0s
 17200K .......... .......... .......... .......... .......... 66%  109M 0s
 17250K .......... .......... .......... .......... .......... 66%  107M 0s
 17300K .......... .......... .......... .......... .......... 66%  108M 0s
 17350K .......... .......... .......... .......... .......... 66%  107M 0s
 17400K .......... .......... .......... .......... .......... 66%  106M 0s
 17450K .......... .......... .......... .......... .......... 67%  103M 0s
 17500K .......... .......... .......... .......... .......... 67% 4.67M 0s
 17550K .......... .......... .......... .......... .......... 67%  101M 0s
 17600K .......... .......... .......... .......... .......... 67%  106M 0s
 17650K .......... .......... .......... .......... .......... 67% 75.8M 0s
 17700K .......... .......... .......... .......... .......... 68% 28.6M 0s
 17750K .......... .......... .......... .......... .......... 68%  102M 0s
 17800K .......... .......... .......... .......... .......... 68% 81.2M 0s
 17850K .......... .......... .......... .......... .......... 68%  106M 0s
 17900K .......... .......... .......... .......... .......... 68% 57.0M 0s
 17950K .......... .......... .......... .......... .......... 68% 62.6M 0s
 18000K .......... .......... .......... .......... .......... 69% 54.7M 0s
 18050K .......... .......... .......... .......... .......... 69% 32.1M 0s
 18100K .......... .......... .......... .......... .......... 69% 67.7M 0s
 18150K .......... .......... .......... .......... .......... 69% 29.4M 0s
 18200K .......... .......... .......... .......... .......... 69%  102M 0s
 18250K .......... .......... .......... .......... .......... 70% 71.5M 0s
 18300K .......... .......... .......... .......... .......... 70% 33.5M 0s
 18350K .......... .......... .......... .......... .......... 70%  112M 0s
 18400K .......... .......... .......... .......... .......... 70% 33.4M 0s
 18450K .......... .......... .......... .......... .......... 70%  108M 0s
 18500K .......... .......... .......... .......... .......... 71% 71.0M 0s
 18550K .......... .......... .......... .......... .......... 71% 3.81M 0s
 18600K .......... .......... .......... .......... .......... 71%  108M 0s
 18650K .......... .......... .......... .......... .......... 71%  104M 0s
 18700K .......... .......... .......... .......... .......... 71%  108M 0s
 18750K .......... .......... .......... .......... .......... 72%  116M 0s
 18800K .......... .......... .......... .......... .......... 72%  120M 0s
 18850K .......... .......... .......... .......... .......... 72%  108M 0s
 18900K .......... .......... .......... .......... .......... 72%  108M 0s
 18950K .......... .......... .......... .......... .......... 72% 99.2M 0s
 19000K .......... .......... .......... .......... .......... 72%  101M 0s
 19050K .......... .......... .......... .......... .......... 73% 27.1M 0s
 19100K .......... .......... .......... .......... .......... 73%  105M 0s
 19150K .......... .......... .......... .......... .......... 73% 81.8M 0s
 19200K .......... .......... .......... .......... .......... 73% 97.8M 0s
 19250K .......... .......... .......... .......... .......... 73% 35.5M 0s
 19300K .......... .......... .......... .......... .......... 74%  109M 0s
 19350K .......... .......... .......... .......... .......... 74% 67.5M 0s
 19400K .......... .......... .......... .......... .......... 74% 92.0M 0s
 19450K .......... .......... .......... .......... .......... 74% 42.2M 0s
 19500K .......... .......... .......... .......... .......... 74% 73.7M 0s
 19550K .......... .......... .......... .......... .......... 75% 85.0M 0s
 19600K .......... .......... .......... .......... .......... 75% 45.3M 0s
 19650K .......... .......... .......... .......... .......... 75%  106M 0s
 19700K .......... .......... .......... .......... .......... 75%  109M 0s
 19750K .......... .......... .......... .......... .......... 75% 74.5M 0s
 19800K .......... .......... .......... .......... .......... 76% 76.8M 0s
 19850K .......... .......... .......... .......... .......... 76%  101M 0s
 19900K .......... .......... .......... .......... .......... 76%  110M 0s
 19950K .......... .......... .......... .......... .......... 76%  108M 0s
 20000K .......... .......... .......... .......... .......... 76%  107M 0s
 20050K .......... .......... .......... .......... .......... 77%  122M 0s
 20100K .......... .......... .......... .......... .......... 77%  121M 0s
 20150K .......... .......... .......... .......... .......... 77%  120M 0s
 20200K .......... .......... .......... .......... .......... 77% 98.9M 0s
 20250K .......... .......... .......... .......... .......... 77%  114M 0s
 20300K .......... .......... .......... .......... .......... 77%  112M 0s
 20350K .......... .......... .......... .......... .......... 78% 75.3M 0s
 20400K .......... .......... .......... .......... .......... 78% 4.06M 0s
 20450K .......... .......... .......... .......... .......... 78%  120M 0s
 20500K .......... .......... .......... .......... .......... 78%  119M 0s
 20550K .......... .......... .......... .......... .......... 78%  121M 0s
 20600K .......... .......... .......... .......... .......... 79%  104M 0s
 20650K .......... .......... .......... .......... .......... 79%  120M 0s
 20700K .......... .......... .......... .......... .......... 79%  113M 0s
 20750K .......... .......... .......... .......... .......... 79%  122M 0s
 20800K .......... .......... .......... .......... .......... 79%  105M 0s
 20850K .......... .......... .......... .......... .......... 80%  113M 0s
 20900K .......... .......... .......... .......... .......... 80%  120M 0s
 20950K .......... .......... .......... .......... .......... 80% 72.0M 0s
 21000K .......... .......... .......... .......... .......... 80% 37.5M 0s
 21050K .......... .......... .......... .......... .......... 80%  328M 0s
 21100K .......... .......... .......... .......... .......... 81%  142M 0s
 21150K .......... .......... .......... .......... .......... 81% 97.1M 0s
 21200K .......... .......... .......... .......... .......... 81% 90.2M 0s
 21250K .......... .......... .......... .......... .......... 81%  120M 0s
 21300K .......... .......... .......... .......... .......... 81% 71.1M 0s
 21350K .......... .......... .......... .......... .......... 81%  105M 0s
 21400K .......... .......... .......... .......... .......... 82%  105M 0s
 21450K .......... .......... .......... .......... .......... 82% 30.2M 0s
 21500K .......... .......... .......... .......... .......... 82%  120M 0s
 21550K .......... .......... .......... .......... .......... 82% 81.1M 0s
 21600K .......... .......... .......... .......... .......... 82% 82.9M 0s
 21650K .......... .......... .......... .......... .......... 83%  102M 0s
 21700K .......... .......... .......... .......... .......... 83% 95.2M 0s
 21750K .......... .......... .......... .......... .......... 83%  122M 0s
 21800K .......... .......... .......... .......... .......... 83% 99.8M 0s
 21850K .......... .......... .......... .......... .......... 83%  121M 0s
 21900K .......... .......... .......... .......... .......... 84%  119M 0s
 21950K .......... .......... .......... .......... .......... 84%  122M 0s
 22000K .......... .......... .......... .......... .......... 84%  108M 0s
 22050K .......... .......... .......... .......... .......... 84%  119M 0s
 22100K .......... .......... .......... .......... .......... 84%  121M 0s
 22150K .......... .......... .......... .......... .......... 85%  119M 0s
 22200K .......... .......... .......... .......... .......... 85%  101M 0s
 22250K .......... .......... .......... .......... .......... 85%  115M 0s
 22300K .......... .......... .......... .......... .......... 85%  122M 0s
 22350K .......... .......... .......... .......... .......... 85%  118M 0s
 22400K .......... .......... .......... .......... .......... 86%  103M 0s
 22450K .......... .......... .......... .......... .......... 86% 3.66M 0s
 22500K .......... .......... .......... .......... .......... 86%  118M 0s
 22550K .......... .......... .......... .......... .......... 86%  117M 0s
 22600K .......... .......... .......... .......... .......... 86% 97.4M 0s
 22650K .......... .......... .......... .......... .......... 86%  120M 0s
 22700K .......... .......... .......... .......... .......... 87%  117M 0s
 22750K .......... .......... .......... .......... .......... 87%  121M 0s
 22800K .......... .......... .......... .......... .......... 87%  106M 0s
 22850K .......... .......... .......... .......... .......... 87%  118M 0s
 22900K .......... .......... .......... .......... .......... 87%  119M 0s
 22950K .......... .......... .......... .......... .......... 88%  120M 0s
 23000K .......... .......... .......... .......... .......... 88%  103M 0s
 23050K .......... .......... .......... .......... .......... 88%  120M 0s
 23100K .......... .......... .......... .......... .......... 88%  110M 0s
 23150K .......... .......... .......... .......... .......... 88%  119M 0s
 23200K .......... .......... .......... .......... .......... 89%  107M 0s
 23250K .......... .......... .......... .......... .......... 89%  122M 0s
 23300K .......... .......... .......... .......... .......... 89%  122M 0s
 23350K .......... .......... .......... .......... .......... 89%  117M 0s
 23400K .......... .......... .......... .......... .......... 89%  103M 0s
 23450K .......... .......... .......... .......... .......... 90%  121M 0s
 23500K .......... .......... .......... .......... .......... 90%  119M 0s
 23550K .......... .......... .......... .......... .......... 90%  114M 0s
 23600K .......... .......... .......... .......... .......... 90%  107M 0s
 23650K .......... .......... .......... .......... .......... 90%  117M 0s
 23700K .......... .......... .......... .......... .......... 90%  120M 0s
 23750K .......... .......... .......... .......... .......... 91%  121M 0s
 23800K .......... .......... .......... .......... .......... 91%  102M 0s
 23850K .......... .......... .......... .......... .......... 91%  118M 0s
 23900K .......... .......... .......... .......... .......... 91%  121M 0s
 23950K .......... .......... .......... .......... .......... 91%  118M 0s
 24000K .......... .......... .......... .......... .......... 92%  101M 0s
 24050K .......... .......... .......... .......... .......... 92%  121M 0s
 24100K .......... .......... .......... .......... .......... 92%  118M 0s
 24150K .......... .......... .......... .......... .......... 92%  121M 0s
 24200K .......... .......... .......... .......... .......... 92%  104M 0s
 24250K .......... .......... .......... .......... .......... 93%  119M 0s
 24300K .......... .......... .......... .......... .......... 93%  120M 0s
 24350K .......... .......... .......... .......... .......... 93%  119M 0s
 24400K .......... .......... .......... .......... .......... 93%  107M 0s
 24450K .......... .......... .......... .......... .......... 93%  114M 0s
 24500K .......... .......... .......... .......... .......... 94%  114M 0s
 24550K .......... .......... .......... .......... .......... 94%  122M 0s
 24600K .......... .......... .......... .......... .......... 94%  102M 0s
 24650K .......... .......... .......... .......... .......... 94%  122M 0s
 24700K .......... .......... .......... .......... .......... 94%  121M 0s
 24750K .......... .......... .......... .......... .......... 95%  118M 0s
 24800K .......... .......... .......... .......... .......... 95%  106M 0s
 24850K .......... .......... .......... .......... .......... 95%  121M 0s
 24900K .......... .......... .......... .......... .......... 95%  118M 0s
 24950K .......... .......... .......... .......... .......... 95%  113M 0s
 25000K .......... .......... .......... .......... .......... 95%  104M 0s
 25050K .......... .......... .......... .......... .......... 96%  117M 0s
 25100K .......... .......... .......... .......... .......... 96%  121M 0s
 25150K .......... .......... .......... .......... .......... 96%  121M 0s
 25200K .......... .......... .......... .......... .......... 96% 2.90M 0s
 25250K .......... .......... .......... .......... .......... 96%  119M 0s
 25300K .......... .......... .......... .......... .......... 97%  118M 0s
 25350K .......... .......... .......... .......... .......... 97%  120M 0s
 25400K .......... .......... .......... .......... .......... 97% 98.3M 0s
 25450K .......... .......... .......... .......... .......... 97%  118M 0s
 25500K .......... .......... .......... .......... .......... 97%  121M 0s
 25550K .......... .......... .......... .......... .......... 98%  120M 0s
 25600K .......... .......... .......... .......... .......... 98%  108M 0s
 25650K .......... .......... .......... .......... .......... 98%  111M 0s
 25700K .......... .......... .......... .......... .......... 98%  116M 0s
 25750K .......... .......... .......... .......... .......... 98%  115M 0s
 25800K .......... .......... .......... .......... .......... 99% 96.5M 0s
 25850K .......... .......... .......... .......... .......... 99%  106M 0s
 25900K .......... .......... .......... .......... .......... 99%  117M 0s
 25950K .......... .......... .......... .......... .......... 99%  113M 0s
 26000K .......... .......... .......... .......... .......... 99%  103M 0s
 26050K .......... .......... .......... .......... ......... 100%  111M=0.5s

2022-04-27 13:32:01 (53.2 MB/s) - ‘/tmp/platform-engine.zip’ saved [26725770/26725770]

Archive:  /tmp/platform-engine.zip
  inflating: /opt/elasticbeanstalk/bin/platform-engine  
  inflating: /opt/elasticbeanstalk/bin/publishlogs  
  inflating: /opt/elasticbeanstalk/bin/pkg-repo  
  inflating: /opt/elasticbeanstalk/bin/get-config  
  inflating: /opt/elasticbeanstalk/config/private/aws-eb.target  
  inflating: /opt/elasticbeanstalk/config/private/logrotate/logrotate-cron.template  
  inflating: /opt/elasticbeanstalk/config/private/logrotate/logrotate.template  
  inflating: /opt/elasticbeanstalk/config/private/systemd.template  
  inflating: /opt/elasticbeanstalk/config/private/systemd-append.template  
  inflating: /opt/elasticbeanstalk/config/private/guidlocking/repo.py  
  inflating: /opt/elasticbeanstalk/config/private/restartcloudwatchagent.sh  
  inflating: /opt/elasticbeanstalk/config/private/healthd/healthd_httpd.conf  
  inflating: /opt/elasticbeanstalk/config/private/healthd/healthd_nginx.conf  
  inflating: /opt/elasticbeanstalk/config/private/healthd/healthd_logformat.conf  
  inflating: /opt/elasticbeanstalk/config/private/healthd/healthddependency  
  inflating: /opt/elasticbeanstalk/config/private/healthd/logcleanup-cron.template  
  inflating: /opt/elasticbeanstalk/config/private/healthd/config.yaml.template  
 extracting: /opt/elasticbeanstalk/config/private/restartcfn.sh  
  inflating: /opt/elasticbeanstalk/config/private/sqsd/default.yaml.template  
  inflating: /opt/elasticbeanstalk/config/private/sqsd/sqsdversion.json  
  inflating: /opt/elasticbeanstalk/config/private/beanstalk-magic  
  inflating: /opt/elasticbeanstalk/config/private/containercommandsupport/leader-test.sh  
  inflating: /opt/elasticbeanstalk/config/private/containercommandsupport/container-defaults.sh  
  inflating: /opt/elasticbeanstalk/config/private/ruby_common_env  
  inflating: /opt/elasticbeanstalk/config/private/nginx/applicationport.conf.template  
  inflating: /opt/elasticbeanstalk/config/private/nginx/staticfilesmapping.conf.template  
  inflating: /opt/elasticbeanstalk/config/private/nginx/nginx.conf.template  
  inflating: /opt/elasticbeanstalk/config/private/cfn-hup.conf.template  
  inflating: /opt/elasticbeanstalk/config/private/httpd/applicationport.conf.template  
  inflating: /opt/elasticbeanstalk/config/private/httpd/staticfilesmapping.conf.template  
  inflating: /opt/elasticbeanstalk/config/private/httpd/gzip.conf  
  inflating: /opt/elasticbeanstalk/config/private/httpd/httpd.conf.template  
  inflating: /opt/elasticbeanstalk/config/private/cfn-hup-wrapper  
  inflating: /opt/elasticbeanstalk/config/private/eb-banner  
  inflating: /opt/elasticbeanstalk/config/private/aws-eb-command-handler.conf  
  inflating: /opt/elasticbeanstalk/config/private/rsyslog.conf.template  
  inflating: /opt/elasticbeanstalk/config/private/logtasks/cron/publishlogs  
  inflating: /opt/elasticbeanstalk/tasks/taillogs.d/eb-app.conf  
  inflating: /opt/elasticbeanstalk/tasks/taillogs.d/eb-engine.conf  
  inflating: /opt/elasticbeanstalk/tasks/bundlelogs.d/eb-app.conf  
  inflating: /opt/elasticbeanstalk/tasks/bundlelogs.d/eb-system.conf  
 extracting: /opt/elasticbeanstalk/tasks/bundlelogs.d/cloud-init-system.conf  
 extracting: /opt/elasticbeanstalk/tasks/bundlelogs.d/eb-hooks.conf  
  inflating: /opt/elasticbeanstalk/tasks/bundlelogs.d/system.conf  
  inflating: /opt/elasticbeanstalk/tasks/bundlelogs.d/cfn-system.conf  
 extracting: /opt/elasticbeanstalk/tasks/bundlelogs.d/rotate.conf  
 extracting: /opt/elasticbeanstalk/tasks/publishlogs.d/eb-app.conf  
[2022-04-27T13:32:05.312Z] Successfully bootstrapped instance.
[2022-04-27T13:32:05.339Z] Sending signal 0 to CFN wait condition https://cloudformation-waitcondition-us-east-1.s3.amazonaws.com/arn%3Aaws%3Acloudformation%3Aus-east-1%3A757337477225%3Astack/awseb-e-xgjqxe7mny-stack/1fa4ebe0-c62e-11ec-8ddb-0a7829d37e6d/AWSEBInstanceLaunchWaitHandle?X-Amz-Algorithm=AWS4-HMAC-SHA256&X-Amz-Date=20220427T133005Z&X-Amz-SignedHeaders=host&X-Amz-Expires=86399&X-Amz-Credential=AKIA6L7Q4OWT2GZYHG7N%2F20220427%2Fus-east-1%2Fs3%2Faws4_request&X-Amz-Signature=5f36076b4cc13c9424ca2cec955d24e086340b971c3d9e677dc69a169e2f4474
CloudFormation signaled successfully with %s.
[2022-04-27T13:32:06.158Z] Tailing /var/log/eb-commandprocessor.log

******************* eb-commandprocessor taillog *******************
***eb-commandprocessor is not available yet.***
******************* End of taillog *******************


[2022-04-27T13:32:06.175Z] Tailing /var/log/eb-activity.log

******************* eb-activity taillog *******************
***eb-activity is not available yet.***
******************* End of taillog *******************


[2022-04-27T13:32:06.190Z] Tailing /var/log/eb-tools.log

******************* eb-tools taillog *******************
***eb-tools is not available yet.***
******************* End of taillog *******************


[2022-04-27T13:32:06.207Z] Tailing /var/log/eb-version-deployment.log

******************* eb-version-deployment taillog *******************
***eb-version-deployment is not available yet.***
******************* End of taillog *******************


[2022-04-27T13:32:06.219Z] Tailing /var/log/cfn-init.log

******************* cfn-init taillog *******************
2022-04-27 13:32:00,805 [INFO] -----------------------Starting build-----------------------
2022-04-27 13:32:00,812 [INFO] Running configSets: _OnInstanceBoot
2022-04-27 13:32:00,814 [INFO] Running configSet _OnInstanceBoot
2022-04-27 13:32:00,817 [INFO] Running config AWSEBBaseConfig
2022-04-27 13:32:01,067 [INFO] Command clearbackupfiles succeeded
2022-04-27 13:32:01,070 [INFO] Running config AWSEBCfnHupEndpointOverride
2022-04-27 13:32:01,074 [INFO] Command clearbackupfiles succeeded
2022-04-27 13:32:01,075 [INFO] ConfigSets completed
2022-04-27 13:32:01,075 [INFO] -----------------------Build complete-----------------------
******************* End of taillog *******************


[2022-04-27T13:32:06.251Z] Tailing /var/log/cfn-hup.log

******************* cfn-hup taillog *******************
2022-04-27 13:32:05,908 [DEBUG] CloudFormation client initialized with endpoint https://cloudformation.us-east-1.amazonaws.com
2022-04-27 13:32:05,909 [DEBUG] SQS client initialized with endpoint https://sqs.us-east-1.amazonaws.com
2022-04-27 13:32:05,909 [DEBUG] CloudFormation client initialized with endpoint https://cloudformation.us-east-1.amazonaws.com
2022-04-27 13:32:05,909 [DEBUG] Enabled single threading mode.
2022-04-27 13:32:05,909 [DEBUG] Creating /var/lib/cfn-hup/data
2022-04-27 13:32:05,927 [INFO] No umask value specified in config file. Using the default one: 0o22
******************* End of taillog *******************


[2022-04-27T13:32:06.275Z] Completed EB Bootstrapping Script.
+ RESULT=0
+ [[ 0 -ne 0 ]]
+ exit 0
