27-Apr-2022 21:35:51.488 INFO [main] org.apache.catalina.startup.VersionLoggerListener.log Server version name:   Apache Tomcat/8.5.75
27-Apr-2022 21:35:51.493 INFO [main] org.apache.catalina.startup.VersionLoggerListener.log Server built:          Feb 28 2022 18:26:53 UTC
27-Apr-2022 21:35:51.497 INFO [main] org.apache.catalina.startup.VersionLoggerListener.log Server version number: 8.5.75.0
27-Apr-2022 21:35:51.497 INFO [main] org.apache.catalina.startup.VersionLoggerListener.log OS Name:               Linux
27-Apr-2022 21:35:51.498 INFO [main] org.apache.catalina.startup.VersionLoggerListener.log OS Version:            4.14.268-205.500.amzn2.x86_64
27-Apr-2022 21:35:51.498 INFO [main] org.apache.catalina.startup.VersionLoggerListener.log Architecture:          amd64
27-Apr-2022 21:35:51.499 INFO [main] org.apache.catalina.startup.VersionLoggerListener.log Java Home:             /usr/lib/jvm/java-11-amazon-corretto.x86_64
27-Apr-2022 21:35:51.499 INFO [main] org.apache.catalina.startup.VersionLoggerListener.log JVM Version:           11.0.14.1+10-LTS
27-Apr-2022 21:35:51.499 INFO [main] org.apache.catalina.startup.VersionLoggerListener.log JVM Vendor:            Amazon.com Inc.
27-Apr-2022 21:35:51.499 INFO [main] org.apache.catalina.startup.VersionLoggerListener.log CATALINA_BASE:         /usr/share/tomcat
27-Apr-2022 21:35:51.499 INFO [main] org.apache.catalina.startup.VersionLoggerListener.log CATALINA_HOME:         /usr/share/tomcat
27-Apr-2022 21:35:51.499 INFO [main] org.apache.catalina.core.AprLifecycleListener.lifecycleEvent The Apache Tomcat Native library which allows using OpenSSL was not found on the java.library.path: [/usr/java/packages/lib:/usr/lib64:/lib64:/lib:/usr/lib]
27-Apr-2022 21:35:51.606 INFO [main] org.apache.coyote.AbstractProtocol.init Initializing ProtocolHandler ["http-nio-8080"]
27-Apr-2022 21:35:51.659 INFO [main] org.apache.tomcat.util.net.NioSelectorPool.getSharedSelector Using a shared selector for servlet write/read
27-Apr-2022 21:35:51.698 INFO [main] org.apache.catalina.startup.Catalina.load Initialization processed in 2258 ms
27-Apr-2022 21:35:51.893 INFO [main] org.apache.catalina.core.StandardService.startInternal Starting service [Catalina]
27-Apr-2022 21:35:51.895 INFO [main] org.apache.catalina.core.StandardEngine.startInternal Starting Servlet engine: [Apache Tomcat/8.5.75]
27-Apr-2022 21:35:51.925 INFO [localhost-startStop-1] org.apache.catalina.startup.HostConfig.deployDirectory Deploying web application directory [/var/lib/tomcat/webapps/ROOT]
27-Apr-2022 21:35:56.432 INFO [localhost-startStop-1] org.apache.jasper.servlet.TldScanner.scanJars At least one JAR was scanned for TLDs yet contained no TLDs. Enable debug logging for this logger for a complete list of JARs that were scanned but no TLDs were found in them. Skipping unneeded JARs during scanning can improve startup time and JSP compilation time.
27-Apr-2022 21:36:08.159 INFO [localhost-startStop-1] org.apache.catalina.startup.HostConfig.deployDirectory Deployment of web application directory [/var/lib/tomcat/webapps/ROOT] has finished in [16,233] ms
27-Apr-2022 21:36:08.168 INFO [main] org.apache.coyote.AbstractProtocol.start Starting ProtocolHandler ["http-nio-8080"]
27-Apr-2022 21:36:08.201 INFO [main] org.apache.catalina.startup.Catalina.start Server startup in 16502 ms
